<?xml version="1.0" encoding="UTF-8"?>
<robot generator="Robot 5.0.1 (Python 3.9.6 on win32)" generated="20221004 13:24:34.623" rpa="false" schemaversion="3">
<suite id="s1" name="Checktwoproducts" source="C:\Users\hp\Documents\robottest\checktwoproducts.robot">
<test id="s1-t1" name="Get XML from site" line="16">
<kw name="Create Session" library="RequestsLibrary">
<arg>mysession</arg>
<arg>${baseurl}</arg>
<doc>Create Session: create a HTTP session to a server</doc>
<msg timestamp="20221004 13:24:35.097" level="INFO">Creating Session using : alias=mysession, url=https://livekaarten.nl, headers={},                     cookies={}, auth=None, timeout=None, proxies=None, verify=False,                     debug=0 </msg>
<status status="PASS" starttime="20221004 13:24:35.097" endtime="20221004 13:24:35.098"/>
</kw>
<kw name="GET On Session" library="RequestsLibrary">
<var>${response}</var>
<arg>mysession</arg>
<arg>/shoppingfeed/custom/google</arg>
<doc>Sends a GET request on a previously created HTTP Session.</doc>
<msg timestamp="20221004 13:24:38.935" level="INFO">GET Request : url=https://livekaarten.nl/shoppingfeed/custom/google 
 path_url=/shoppingfeed/custom/google 
 headers={'User-Agent': 'python-requests/2.28.1', 'Accept-Encoding': 'gzip, deflate', 'Accept': '*/*', 'Connection': 'keep-alive'} 
 body=None 
 </msg>
<msg timestamp="20221004 13:24:42.654" level="INFO">GET Response : url=https://livekaarten.nl/shoppingfeed/custom/google 
 status=200, reason=OK 
 headers={'Date': 'Tue, 04 Oct 2022 06:24:40 GMT', 'Content-Type': 'application/rss+xml', 'Transfer-Encoding': 'chunked', 'Connection': 'keep-alive', 'Cache-Control': 'private,max-age=-1', 'Request-Context': 'appId=cid-v1:58b88cfd-aba4-4085-b78a-b999dbda67ae', 'Strict-Transport-Security': 'max-age=31536000; includeSubDomains; preload', 'p3p': 'CP="This site does not have a p3p policy."', 'CF-Cache-Status': 'DYNAMIC', 'Report-To': '{"endpoints":[{"url":"https:\\/\\/a.nel.cloudflare.com\\/report\\/v3?s=WxpGNKfIV6WTDI%2BL4U03oPF6p26wKjleCZ9%2BvSgS9uooiYoj62UUNHewelE%2BN9vBwK%2BKjlCP%2FJlaVlTo4RVkLWHGroTxylvFfYq2b6TO2YgM1OGazOwUOzcPv%2BNEc3d1"}],"group":"cf-nel","max_age":604800}', 'NEL': '{"success_fraction":0,"report_to":"cf-nel","max_age":604800}', 'Server': 'cloudflare', 'CF-RAY': '754bd5e71bda6c96-SIN'} 
 body=&lt;?xml version="1.0" encoding="utf-8"?&gt;&lt;rss version="2.0" xmlns:g="http://base.google.com/ns/1.0"&gt;&lt;channel&gt;&lt;title&gt;&lt;![CDATA[livekaarten.nl]]&gt;&lt;/title&gt;&lt;link&gt;&lt;![CDATA[https://livekaarten.nl?af=google-shopping]]&gt;&lt;/link&gt;&lt;description&gt;&lt;![CDATA[Xbox Live Kaarten of Giftcards nodig? - Livekaarten.nl]]&gt;&lt;/description&gt;&lt;item&gt;&lt;title&gt;&lt;![CDATA[Xbox Live Gold 1 Maand Abonnement]]&gt;&lt;/title&gt;&lt;description&gt;&lt;![CDATA[Geen VPN-verbinding nodig. Koop een Xbox Live Gold 1 Maand Abonnement vandaag om toegang te krijgen tot gratis &amp; afgeprijsde games, geavanceerde multiplayer modes en heel veel meer! Dit is een digitale code zonder vervaldatum.]]&gt;&lt;/description&gt;&lt;link&gt;&lt;![CDATA[https://livekaarten.nl/nl/xbox-live-kaarten-1-maand/afd/google-shopping/EUR]]&gt;&lt;/link&gt;&lt;g:id&gt;9625&lt;/g:id&gt;&lt;g:condition&gt;new&lt;/g:condition&gt;&lt;g:price&gt;9.25 EUR&lt;/g:price&gt;&lt;g:availability&gt;in stock&lt;/g:availability&gt;&lt;g:image_link&gt;&lt;![CDATA[https://livekaarten.nl/pi/64817.png]]&gt;&lt;/g:image_link&gt;&lt;g:additional_image_link&gt;&lt;![CDATA[https://livekaarten.nl/pi/60820.jpg]]&gt;&lt;/g:additional_image_link&gt;&lt;g:additional_image_link&gt;&lt;![CDATA[https://livekaarten.nl/pi/60818.jpg]]&gt;&lt;/g:additional_image_link&gt;&lt;g:additional_image_link&gt;&lt;![CDATA[https://livekaarten.nl/pi/60817.jpg]]&gt;&lt;/g:additional_image_link&gt;&lt;g:additional_image_link&gt;&lt;![CDATA[https://livekaarten.nl/pi/60819.jpg]]&gt;&lt;/g:additional_image_link&gt;&lt;g:additional_image_link&gt;&lt;![CDATA[https://livekaarten.nl/pi/60791.jpg]]&gt;&lt;/g:additional_image_link&gt;&lt;g:gtin&gt;0617669467695&lt;/g:gtin&gt;&lt;g:identifier_exists&gt;TRUE&lt;/g:identifier_exists&gt;&lt;g:brand&gt;Microsoft&lt;/g:brand&gt;&lt;g:product_type&gt;Xbox Live Gold&lt;/g:product_type&gt;&lt;g:google_product_category /&gt;&lt;g:shipping&gt;&lt;g:country&gt;NL&lt;/g:country&gt;&lt;g:price&gt;0.00 EUR&lt;/g:price&gt;&lt;/g:shipping&gt;&lt;/item&gt;&lt;item&gt;&lt;title&gt;&lt;![CDATA[Xbox Live Gold 3 Maanden Abonnementen]]&gt;&lt;/title&gt;&lt;description&gt;&lt;![CDATA[Geen VPN-verbinding nodig. Koop vandaag  een Xbox Live Gold 3 Maanden Lidmaatschap om toegang te krijgen tot gratis &amp; afgeprijsde games, geavanceerde multiplayer modes en veel meer! Dit is een digitale code zonder vervaldatum. ]]&gt;&lt;/description&gt;&lt;link&gt;&lt;![CDATA[https://livekaarten.nl/nl/xbox-live-kaarten-3-maanden/afd/google-shopping/EUR]]&gt;&lt;/link&gt;&lt;g:id&gt;9626&lt;/g:id&gt;&lt;g:condition&gt;new&lt;/g:condition&gt;&lt;g:price&gt;13.49 EUR&lt;/g:price&gt;&lt;g:availability&gt;in stock&lt;/g:availability&gt;&lt;g:image_link&gt;&lt;![CDATA[https://livekaarten.nl/pi/64816.png]]&gt;&lt;/g:image_link&gt;&lt;g:additional_image_link&gt;&lt;![CDATA[https://livekaarten.nl/pi/60832.jpg]]&gt;&lt;/g:additional_image_link&gt;&lt;g:additional_image_link&gt;&lt;![CDATA[https://livekaarten.nl/pi/60830.jpg]]&gt;&lt;/g:additional_image_link&gt;&lt;g:additional_image_link&gt;&lt;![CDATA[https://livekaarten.nl/pi/60829.jpg]]&gt;&lt;/g:additional_image_link&gt;&lt;g:additional_image_link&gt;&lt;![CDATA[https://livekaarten.nl/pi/60831.jpg]]&gt;&lt;/g:additional_image_link&gt;&lt;g:additional_image_link&gt;&lt;![CDATA[https://livekaarten.nl/pi/60786.jpg]]&gt;&lt;/g:additional_image_link&gt;&lt;g:gtin&gt;0617669467602&lt;/g:gtin&gt;&lt;g:identifier_exists&gt;TRUE&lt;/g:identifier_exists&gt;&lt;g:brand&gt;Microsoft&lt;/g:brand&gt;&lt;g:product_type&gt;Xbox Live Gold&lt;/g:product_type&gt;&lt;g:google_product_category /&gt;&lt;g:shipping&gt;&lt;g:country&gt;NL&lt;/g:country&gt;&lt;g:price&gt;0.00 EUR&lt;/g:price&gt;&lt;/g:shipping&gt;&lt;/item&gt;&lt;item&gt;&lt;title&gt;&lt;![CDATA[Xbox Live Gold 4 maanden]]&gt;&lt;/title&gt;&lt;description&gt;&lt;![CDATA[Geen VPN-verbinding nodig. Deze codes zijn origineel en zijn geproduceerd door Microsoft.]]&gt;&lt;/description&gt;&lt;link&gt;&lt;![CDATA[https://livekaarten.nl/nl/xbox-4maanden-xbox-live-gold/afd/google-shopping/EUR]]&gt;&lt;/link&gt;&lt;g:id&gt;9627&lt;/g:id&gt;&lt;g:condition&gt;new&lt;/g:condition&gt;&lt;g:price&gt;20.25 EUR&lt;/g:price&gt;&lt;g:availability&gt;in stock&lt;/g:availability&gt;&lt;g:image_link&gt;&lt;![CDATA[https://livekaarten.nl/pi/64813.png]]&gt;&lt;/g:image_link&gt;&lt;g:gtin&gt;799366175780&lt;/g:gtin&gt;&lt;g:identifier_exists&gt;TRUE&lt;/g:identifier_exists&gt;&lt;g:brand&gt;Microsoft&lt;/g:brand&gt;&lt;g:product_type&gt;Xbox Live Gold&lt;/g:product_type&gt;&lt;g:google_product_category /&gt;&lt;g:shipping&gt;&lt;g:country&gt;NL&lt;/g:country&gt;&lt;g:price&gt;0.00 EUR&lt;/g:price&gt;&lt;/g:shipping&gt;&lt;/item&gt;&lt;item&gt;&lt;title&gt;&lt;![CDATA[Xbox Live Gold 12 Maanden Abonnement]]&gt;&lt;/title&gt;&lt;description&gt;&lt;![CDATA[Geen VPN-verbinding nodig. Koop een Xbox Live Gold 12 Maand Abonnement vandaag om toegang te krijgen tot gratis &amp; afgeprijsde games, geavanceerde multiplayer modes en heel veel meer! Dit is een digitale code zonder vervaldatum.]]&gt;&lt;/description&gt;&lt;link&gt;&lt;![CDATA[https://livekaarten.nl/nl/xbox-live-gold-12-maanden/afd/google-shopping/EUR]]&gt;&lt;/link&gt;&lt;g:id&gt;9628&lt;/g:id&gt;&lt;g:condition&gt;new&lt;/g:condition&gt;&lt;g:price&gt;46.49 EUR&lt;/g:price&gt;&lt;g:availability&gt;in stock&lt;/g:availability&gt;&lt;g:image_link&gt;&lt;![CDATA[https://livekaarten.nl/pi/64815.png]]&gt;&lt;/g:image_link&gt;&lt;g:additional_image_link&gt;&lt;![CDATA[https://livekaarten.nl/pi/60824.jpg]]&gt;&lt;/g:additional_image_link&gt;&lt;g:additional_image_link&gt;&lt;![CDATA[https://livekaarten.nl/pi/60822.jpg]]&gt;&lt;/g:additional_image_link&gt;&lt;g:additional_image_link&gt;&lt;![CDATA[https://livekaarten.nl/pi/60821.jpg]]&gt;&lt;/g:additional_image_link&gt;&lt;g:additional_image_link&gt;&lt;![CDATA[https://livekaarten.nl/pi/60823.jpg]]&gt;&lt;/g:additional_image_link&gt;&lt;g:additional_image_link&gt;&lt;![CDATA[https://livekaarten.nl/pi/60790.jpg]]&gt;&lt;/g:additional_image_link&gt;&lt;g:gtin&gt;0617669467664&lt;/g:gtin&gt;&lt;g:identifier_exists&gt;TRUE&lt;/g:identifier_exists&gt;&lt;g:brand&gt;Microsoft&lt;/g:brand&gt;&lt;g:product_type&gt;Xbox Live Gold&lt;/g:product_type&gt;&lt;g:google_product_category /&gt;&lt;g:shipping&gt;&lt;g:country&gt;NL&lt;/g:country&gt;&lt;g:price&gt;0.00 EUR&lt;/g:price&gt;&lt;/g:shipping&gt;&lt;/item&gt;&lt;item&gt;&lt;title&gt;&lt;![CDATA[World Of Warcraft - 60 days (EU)]]&gt;&lt;/title&gt;&lt;description&gt;&lt;![CDATA[Warcraft 60 dagen abonnement. Dit product is een digitale code. Zodra je hem gekocht hebt wordt hij naar je email gestuurd of kan hij direct vanaf je scherm gedownload worden. Deze codes zijn origineel en worden geleverd door Blizzard. 
]]&gt;&lt;/description&gt;&lt;link&gt;&lt;![CDATA[https://livekaarten.nl/nl/wow-60-days-gamecard/afd/google-shopping/EUR]]&gt;&lt;/link&gt;&lt;g:id&gt;9643&lt;/g:id&gt;&lt;g:condition&gt;new&lt;/g:condition&gt;&lt;g:price&gt;31.95 EUR&lt;/g:price&gt;&lt;g:availability&gt;in stock&lt;/g:availability&gt;&lt;g:image_link&gt;&lt;![CDATA[https://livekaarten.nl/pi/41715.png]]&gt;&lt;/g:image_link&gt;&lt;g:gtin&gt;03348542196933&lt;/g:gtin&gt;&lt;g:identifier_exists&gt;TRUE&lt;/g:identifier_exists&gt;&lt;g:brand&gt;Blizzard&lt;/g:brand&gt;&lt;g:product_type&gt;World Of Warcraft&lt;/g:product_type&gt;&lt;g:google_product_category /&gt;&lt;g:shipping&gt;&lt;g:country&gt;NL&lt;/g:country&gt;&lt;g:price&gt;0.00 EUR&lt;/g:price&gt;&lt;/g:shipping&gt;&lt;/item&gt;&lt;item&gt;&lt;title&gt;&lt;![CDATA[PlayStation Network Card 20 euro NL]]&gt;&lt;/title&gt;&lt;description&gt;&lt;![CDATA[PlayStation Network Card 20 EURO. Dit product is een digitale code die zodra je hem koopt  naar je mail wordt verstuurd of direct vanaf je scherm gedownload kan worden.                       Deze codes zijn origineel en worden geproduceerd door Sony.]]&gt;&lt;/description&gt;&lt;link&gt;&lt;![CDATA[https://livekaarten.nl/nl/psn-card-20-nl/afd/google-shopping/EUR]]&gt;&lt;/link&gt;&lt;g:id&gt;9644&lt;/g:id&gt;&lt;g:condition&gt;new&lt;/g:condition&gt;&lt;g:price&gt;20.49 EUR&lt;/g:price&gt;&lt;g:availability&gt;in stock&lt;/g:availability&gt;&lt;g:image_link&gt;&lt;![CDATA[https://livekaarten.nl/pi/64986.png]]&gt;&lt;/g:image_link&gt;&lt;g:gtin&gt;0711719168751&lt;/g:gtin&gt;&lt;g:identifier_exists&gt;TRUE&lt;/g:identifier_exists&gt;&lt;g:brand&gt;Sony&lt;/g:brand&gt;&lt;g:product_type&gt;PlayStation Card NL&lt;/g:product_type&gt;&lt;g:google_product_category /&gt;&lt;g:shipping&gt;&lt;g:country&gt;NL&lt;/g:country&gt;&lt;g:price&gt;0.00 EUR&lt;/g:price&gt;&lt;/g:shipping&gt;&lt;/item&gt;&lt;item&gt;&lt;title&gt;&lt;![CDATA[Playstation Network Card 50 euro NL]]&gt;&lt;/title&gt;&lt;description&gt;&lt;![CDATA[Koop veilig en goedkoop in de Playstation store met de Playstation Network card 50 Euro. Dit product is een digitale code, die zodra je hem gekocht hebt naar je mail zal worden gestuurd of direct van je scherm gedownload kan worden. Deze codes zijn origineel en worden geleverd door de uitgever.]]&gt;&lt;/description&gt;&lt;link&gt;&lt;![CDATA[https://livekaarten.nl/nl/psn-card-50-nl/afd/google-shopping/EUR]]&gt;&lt;/link&gt;&lt;g:id&gt;9645&lt;/g:id&gt;&lt;g:condition&gt;new&lt;/g:condition&gt;&lt;g:price&gt;48.95 EUR&lt;/g:price&gt;&lt;g:availability&gt;in stock&lt;/g:availability&gt;&lt;g:image_link&gt;&lt;![CDATA[https://livekaarten.nl/pi/64995.png]]&gt;&lt;/g:image_link&gt;&lt;g:gtin&gt;711719239390    &lt;/g:gtin&gt;&lt;g:identifier_exists&gt;TRUE&lt;/g:identifier_exists&gt;&lt;g:brand&gt;Sony&lt;/g:brand&gt;&lt;g:product_type&gt;PlayStation Card NL&lt;/g:product_type&gt;&lt;g:google_product_category /&gt;&lt;g:shipping&gt;&lt;g:country&gt;NL&lt;/g:country&gt;&lt;g:price&gt;0.00 EUR&lt;/g:price&gt;&lt;/g:shipping&gt;&lt;/item&gt;&lt;item&gt;&lt;title&gt;&lt;![CDATA[PSN card 20 euro BE]]&gt;&lt;/title&gt;&lt;description&gt;&lt;![CDATA[Playstation Network Prepaid kaart, €20 om te gebruiken bij de Online service van PlayStation Network.]]&gt;&lt;/description&gt;&lt;link&gt;&lt;![CDATA[https://livekaarten.nl/nl/psn-card-20-be/afd/google-shopping/EUR]]&gt;&lt;/link&gt;&lt;g:id&gt;9646&lt;/g:id&gt;&lt;g:condition&gt;new&lt;/g:condition&gt;&lt;g:price&gt;20.95 EUR&lt;/g:price&gt;&lt;g:availability&gt;in stock&lt;/g:availability&gt;&lt;g:image_link&gt;&lt;![CDATA[https://livekaarten.nl/pi/64982.png]]&gt;&lt;/g:image_link&gt;&lt;g:gtin&gt;0711719224839&lt;/g:gtin&gt;&lt;g:identifier_exists&gt;TRUE&lt;/g:identifier_exists&gt;&lt;g:brand&gt;Sony&lt;/g:brand&gt;&lt;g:product_type&gt;PlayStation Card BE&lt;/g:product_type&gt;&lt;g:google_product_category /&gt;&lt;g:shipping&gt;&lt;g:country&gt;NL&lt;/g:country&gt;&lt;g:price&gt;0.00 EUR&lt;/g:price&gt;&lt;/g:shipping&gt;&lt;/item&gt;&lt;item&gt;&lt;title&gt;&lt;![CDATA[PSN card 50 euro BE]]&gt;&lt;/title&gt;&lt;description&gt;&lt;![CDATA[Maak veilig en goedkoop aankopen in de PlayStation store met de PlayStation Network Card van 50 euro. Dit product is een digitale code. Zodra je hem gekocht hebt wordt hij naar je mail gestuurd en verschijnt hij op je scherm zodat je hem meteen kan gebruiken. Deze codes zijn origineel en worden geleverd door de uitgever. ]]&gt;&lt;/description&gt;&lt;link&gt;&lt;![CDATA[https://livekaarten.nl/nl/psn-card-50-be/afd/google-shopping/EUR]]&gt;&lt;/link&gt;&lt;g:id&gt;9647&lt;/g:id&gt;&lt;g:condition&gt;new&lt;/g:condition&gt;&lt;g:price&gt;51.95 EUR&lt;/g:price&gt;&lt;g:availability&gt;in stock&lt;/g:availability&gt;&lt;g:image_link&gt;&lt;![CDATA[https://livekaarten.nl/pi/64983.png]]&gt;&lt;/g:image_link&gt;&lt;g:gtin&gt;711719893530&lt;/g:gtin&gt;&lt;g:identifier_exists&gt;TRUE&lt;/g:identifier_exists&gt;&lt;g:brand&gt;Sony&lt;/g:brand&gt;&lt;g:product_type&gt;PlayStation Card BE&lt;/g:product_type&gt;&lt;g:google_product_category /&gt;&lt;g:shipping&gt;&lt;g:country&gt;NL&lt;/g:country&gt;&lt;g:price&gt;0.00 EUR&lt;/g:price&gt;&lt;/g:shipping&gt;&lt;/item&gt;&lt;item&gt;&lt;title&gt;&lt;![CDATA[Guild Wars 2 Gem Card 2000]]&gt;&lt;/title&gt;&lt;description&gt;&lt;![CDATA[De Guild Wars 2 Gem card geeft spelers  de mogelijkheid om hun personage nog verder te personaliseren met de Gem Store. ]]&gt;&lt;/description&gt;&lt;link&gt;&lt;![CDATA[https://livekaarten.nl/nl/guild-wars-2-gem-card/afd/google-shopping/EUR]]&gt;&lt;/link&gt;&lt;g:id&gt;9885&lt;/g:id&gt;&lt;g:condition&gt;new&lt;/g:conditi... (set the log level to DEBUG or TRACE to see the full content) 
 </msg>
<msg timestamp="20221004 13:24:42.654" level="INFO">c:\users\hp\appdata\local\programs\python\python39\lib\site-packages\urllib3\connectionpool.py:1013: InsecureRequestWarning: Unverified HTTPS request is being made to host 'livekaarten.nl'. Adding certificate verification is strongly advised. See: https://urllib3.readthedocs.io/en/1.26.x/advanced-usage.html#ssl-warnings
  warnings.warn(</msg>
<msg timestamp="20221004 13:24:42.655" level="INFO">${response} = &lt;Response [200]&gt;</msg>
<status status="PASS" starttime="20221004 13:24:35.098" endtime="20221004 13:24:42.655"/>
</kw>
<kw name="Convert To String" library="BuiltIn">
<var>${xmlstring}</var>
<arg>${response.content}</arg>
<doc>Converts the given item to a Unicode string.</doc>
<msg timestamp="20221004 13:24:42.807" level="INFO">${xmlstring} = &lt;?xml version="1.0" encoding="utf-8"?&gt;&lt;rss version="2.0" xmlns:g="http://base.google.com/ns/1.0"&gt;&lt;channel&gt;&lt;title&gt;&lt;![CDATA[livekaarten.nl]]&gt;&lt;/title&gt;&lt;link&gt;&lt;![CDATA[https://livekaarten.nl?af=google-shopp...</msg>
<status status="PASS" starttime="20221004 13:24:42.655" endtime="20221004 13:24:42.807"/>
</kw>
<kw name="Parse Xml" library="XML">
<var>${xml_obj}</var>
<arg>${xmlstring}</arg>
<doc>Parses the given XML file or string into an element structure.</doc>
<msg timestamp="20221004 13:24:42.849" level="INFO">${xml_obj} = &lt;Element 'rss' at 0x0000024212469B80&gt;</msg>
<status status="PASS" starttime="20221004 13:24:42.809" endtime="20221004 13:24:42.849"/>
</kw>
<kw name="Get Element Count" library="XML">
<var>${count}</var>
<arg>${xml_obj}</arg>
<arg>.//channel/item</arg>
<doc>Returns and logs how many elements the given ``xpath`` matches.</doc>
<msg timestamp="20221004 13:24:42.852" level="INFO">2005 elements matched './/channel/item'.</msg>
<msg timestamp="20221004 13:24:42.852" level="INFO">${count} = 2005</msg>
<status status="PASS" starttime="20221004 13:24:42.850" endtime="20221004 13:24:42.852"/>
</kw>
<kw name="Create Workbook" library="RPA.Excel.Files">
<doc>Create and open a new Excel workbook.</doc>
<status status="PASS" starttime="20221004 13:24:42.852" endtime="20221004 13:24:42.853"/>
</kw>
<for flavor="IN RANGE">
<var>${item}</var>
<value>1</value>
<value>${count}</value>
<iter>
<var name="${item}">1</var>
<kw name="Get Element Text" library="XML">
<var>${feedtitle}</var>
<arg>${xml_obj}</arg>
<arg>.//channel/item[${item}]/title</arg>
<doc>Returns all text of the element, possibly whitespace normalized.</doc>
<msg timestamp="20221004 13:24:42.907" level="INFO">${feedtitle} = Xbox Live Gold 1 Maand Abonnement</msg>
<status status="PASS" starttime="20221004 13:24:42.854" endtime="20221004 13:24:42.907"/>
</kw>
<if>
<branch type="IF" condition="&quot;${feedtitle}&quot; in &quot;@{products}&quot;">
<kw name="Get Element Text" library="XML">
<var>${feedprice}</var>
<arg>${xml_obj}</arg>
<arg>.//channel/item[${item}]/price</arg>
<doc>Returns all text of the element, possibly whitespace normalized.</doc>
<status status="NOT RUN" starttime="20221004 13:24:42.907" endtime="20221004 13:24:42.907"/>
</kw>
<kw name="Get Element Text" library="XML">
<var>${itemurl}</var>
<arg>${xml_obj}</arg>
<arg>.//channel/item[${item}]/link</arg>
<doc>Returns all text of the element, possibly whitespace normalized.</doc>
<status status="NOT RUN" starttime="20221004 13:24:42.907" endtime="20221004 13:24:42.907"/>
</kw>
<kw name="Get Element Text" library="XML">
<var>${itemid}</var>
<arg>${xml_obj}</arg>
<arg>.//channel/item[${item}]/id</arg>
<doc>Returns all text of the element, possibly whitespace normalized.</doc>
<status status="NOT RUN" starttime="20221004 13:24:42.907" endtime="20221004 13:24:42.908"/>
</kw>
<kw name="Replace String" library="String">
<var>${price}</var>
<arg>${feedprice}</arg>
<arg>EUR</arg>
<arg>${EMPTY}</arg>
<doc>Replaces ``search_for`` in the given ``string`` with ``replace_with``.</doc>
<status status="NOT RUN" starttime="20221004 13:24:42.908" endtime="20221004 13:24:42.908"/>
</kw>
<kw name="Replace String" library="String">
<var>${price}</var>
<arg>${price}</arg>
<arg>.</arg>
<arg>,</arg>
<doc>Replaces ``search_for`` in the given ``string`` with ``replace_with``.</doc>
<status status="NOT RUN" starttime="20221004 13:24:42.908" endtime="20221004 13:24:42.908"/>
</kw>
<kw name="Run Keyword And Continue On Failure" library="BuiltIn">
<arg>Open Browser</arg>
<arg>${itemurl}</arg>
<arg>headlesschrome</arg>
<doc>Runs the keyword and continues execution even if a failure occurs.</doc>
<status status="NOT RUN" starttime="20221004 13:24:42.908" endtime="20221004 13:24:42.908"/>
</kw>
<kw name="Run Keyword And Continue On Failure" library="BuiltIn">
<arg>Wait Until Element Is Visible</arg>
<arg>(//span[@class='the-price'])[2]</arg>
<doc>Runs the keyword and continues execution even if a failure occurs.</doc>
<status status="NOT RUN" starttime="20221004 13:24:42.908" endtime="20221004 13:24:42.908"/>
</kw>
<kw name="Get Text" library="SeleniumLibrary">
<var>${web_price}</var>
<arg>(//span[@class='the-price'])[2]</arg>
<doc>Returns the text value of the element identified by ``locator``.</doc>
<status status="NOT RUN" starttime="20221004 13:24:42.908" endtime="20221004 13:24:42.908"/>
</kw>
<if>
<branch type="IF" condition="&quot;${price.strip()}&quot; != &quot;${web_price}&quot;">
<kw name="Get Current Date" library="DateTime">
<var>${date}</var>
<arg>UTC</arg>
<arg>exclude_millis=yes</arg>
<doc>Returns current local or UTC time with an optional increment.</doc>
<status status="NOT RUN" starttime="20221004 13:24:42.908" endtime="20221004 13:24:42.908"/>
</kw>
<kw name="Convert Date" library="DateTime">
<var>${datetime}</var>
<arg>${date}</arg>
<arg>datetime</arg>
<doc>Converts between supported `date formats`.</doc>
<status status="NOT RUN" starttime="20221004 13:24:42.908" endtime="20221004 13:24:42.908"/>
</kw>
<kw name="Set Variable" library="BuiltIn">
<var>${currenttime}</var>
<arg>${datetime.year}${datetime.month}${datetime.day}.${datetime.hour}:${datetime.minute}:${datetime.second}</arg>
<doc>Returns the given values which can then be assigned to a variables.</doc>
<status status="NOT RUN" starttime="20221004 13:24:42.908" endtime="20221004 13:24:42.908"/>
</kw>
<kw name="Log To Console" library="BuiltIn">
<arg>"Prices are difference!!"</arg>
<doc>Logs the given message to the console.</doc>
<status status="NOT RUN" starttime="20221004 13:24:42.908" endtime="20221004 13:24:42.908"/>
</kw>
<kw name="Set Cell Value" library="RPA.Excel.Files">
<arg>${item}</arg>
<arg>1</arg>
<arg>${itemid}</arg>
<doc>Set a cell value in the given worksheet.</doc>
<status status="NOT RUN" starttime="20221004 13:24:42.908" endtime="20221004 13:24:42.908"/>
</kw>
<kw name="Set Cell Value" library="RPA.Excel.Files">
<arg>${item}</arg>
<arg>2</arg>
<arg>${feedtitle}</arg>
<doc>Set a cell value in the given worksheet.</doc>
<status status="NOT RUN" starttime="20221004 13:24:42.908" endtime="20221004 13:24:42.908"/>
</kw>
<kw name="Set Cell Value" library="RPA.Excel.Files">
<arg>${item}</arg>
<arg>3</arg>
<arg>${price.strip()}</arg>
<doc>Set a cell value in the given worksheet.</doc>
<status status="NOT RUN" starttime="20221004 13:24:42.908" endtime="20221004 13:24:42.909"/>
</kw>
<kw name="Set Cell Value" library="RPA.Excel.Files">
<arg>${item}</arg>
<arg>4</arg>
<arg>${web_price}</arg>
<doc>Set a cell value in the given worksheet.</doc>
<status status="NOT RUN" starttime="20221004 13:24:42.909" endtime="20221004 13:24:42.909"/>
</kw>
<kw name="Save Workbook" library="RPA.Excel.Files">
<arg>${currenttime}.xlsx</arg>
<doc>Save the active workbook.</doc>
<status status="NOT RUN" starttime="20221004 13:24:42.909" endtime="20221004 13:24:42.909"/>
</kw>
<status status="NOT RUN" starttime="20221004 13:24:42.908" endtime="20221004 13:24:42.909"/>
</branch>
<status status="NOT RUN" starttime="20221004 13:24:42.908" endtime="20221004 13:24:42.909"/>
</if>
<kw name="Close Browser" library="SeleniumLibrary">
<doc>Closes the current browser.</doc>
<status status="NOT RUN" starttime="20221004 13:24:42.909" endtime="20221004 13:24:42.909"/>
</kw>
<kw name="Run Keyword And Continue On Failure" library="BuiltIn">
<arg>Should be equal</arg>
<arg>${price.strip()}</arg>
<arg>${web_price}</arg>
<doc>Runs the keyword and continues execution even if a failure occurs.</doc>
<status status="NOT RUN" starttime="20221004 13:24:42.909" endtime="20221004 13:24:42.909"/>
</kw>
<status status="NOT RUN" starttime="20221004 13:24:42.907" endtime="20221004 13:24:42.909"/>
</branch>
<status status="PASS" starttime="20221004 13:24:42.907" endtime="20221004 13:24:42.909"/>
</if>
<status status="PASS" starttime="20221004 13:24:42.854" endtime="20221004 13:24:42.909"/>
</iter>
<iter>
<var name="${item}">2</var>
<kw name="Get Element Text" library="XML">
<var>${feedtitle}</var>
<arg>${xml_obj}</arg>
<arg>.//channel/item[${item}]/title</arg>
<doc>Returns all text of the element, possibly whitespace normalized.</doc>
<msg timestamp="20221004 13:24:42.961" level="INFO">${feedtitle} = Xbox Live Gold 3 Maanden Abonnementen</msg>
<status status="PASS" starttime="20221004 13:24:42.909" endtime="20221004 13:24:42.961"/>
</kw>
<if>
<branch type="IF" condition="&quot;${feedtitle}&quot; in &quot;@{products}&quot;">
<kw name="Get Element Text" library="XML">
<var>${feedprice}</var>
<arg>${xml_obj}</arg>
<arg>.//channel/item[${item}]/price</arg>
<doc>Returns all text of the element, possibly whitespace normalized.</doc>
<status status="NOT RUN" starttime="20221004 13:24:42.962" endtime="20221004 13:24:42.962"/>
</kw>
<kw name="Get Element Text" library="XML">
<var>${itemurl}</var>
<arg>${xml_obj}</arg>
<arg>.//channel/item[${item}]/link</arg>
<doc>Returns all text of the element, possibly whitespace normalized.</doc>
<status status="NOT RUN" starttime="20221004 13:24:42.962" endtime="20221004 13:24:42.962"/>
</kw>
<kw name="Get Element Text" library="XML">
<var>${itemid}</var>
<arg>${xml_obj}</arg>
<arg>.//channel/item[${item}]/id</arg>
<doc>Returns all text of the element, possibly whitespace normalized.</doc>
<status status="NOT RUN" starttime="20221004 13:24:42.962" endtime="20221004 13:24:42.962"/>
</kw>
<kw name="Replace String" library="String">
<var>${price}</var>
<arg>${feedprice}</arg>
<arg>EUR</arg>
<arg>${EMPTY}</arg>
<doc>Replaces ``search_for`` in the given ``string`` with ``replace_with``.</doc>
<status status="NOT RUN" starttime="20221004 13:24:42.962" endtime="20221004 13:24:42.962"/>
</kw>
<kw name="Replace String" library="String">
<var>${price}</var>
<arg>${price}</arg>
<arg>.</arg>
<arg>,</arg>
<doc>Replaces ``search_for`` in the given ``string`` with ``replace_with``.</doc>
<status status="NOT RUN" starttime="20221004 13:24:42.962" endtime="20221004 13:24:42.962"/>
</kw>
<kw name="Run Keyword And Continue On Failure" library="BuiltIn">
<arg>Open Browser</arg>
<arg>${itemurl}</arg>
<arg>headlesschrome</arg>
<doc>Runs the keyword and continues execution even if a failure occurs.</doc>
<status status="NOT RUN" starttime="20221004 13:24:42.962" endtime="20221004 13:24:42.962"/>
</kw>
<kw name="Run Keyword And Continue On Failure" library="BuiltIn">
<arg>Wait Until Element Is Visible</arg>
<arg>(//span[@class='the-price'])[2]</arg>
<doc>Runs the keyword and continues execution even if a failure occurs.</doc>
<status status="NOT RUN" starttime="20221004 13:24:42.962" endtime="20221004 13:24:42.962"/>
</kw>
<kw name="Get Text" library="SeleniumLibrary">
<var>${web_price}</var>
<arg>(//span[@class='the-price'])[2]</arg>
<doc>Returns the text value of the element identified by ``locator``.</doc>
<status status="NOT RUN" starttime="20221004 13:24:42.962" endtime="20221004 13:24:42.962"/>
</kw>
<if>
<branch type="IF" condition="&quot;${price.strip()}&quot; != &quot;${web_price}&quot;">
<kw name="Get Current Date" library="DateTime">
<var>${date}</var>
<arg>UTC</arg>
<arg>exclude_millis=yes</arg>
<doc>Returns current local or UTC time with an optional increment.</doc>
<status status="NOT RUN" starttime="20221004 13:24:42.962" endtime="20221004 13:24:42.962"/>
</kw>
<kw name="Convert Date" library="DateTime">
<var>${datetime}</var>
<arg>${date}</arg>
<arg>datetime</arg>
<doc>Converts between supported `date formats`.</doc>
<status status="NOT RUN" starttime="20221004 13:24:42.962" endtime="20221004 13:24:42.962"/>
</kw>
<kw name="Set Variable" library="BuiltIn">
<var>${currenttime}</var>
<arg>${datetime.year}${datetime.month}${datetime.day}.${datetime.hour}:${datetime.minute}:${datetime.second}</arg>
<doc>Returns the given values which can then be assigned to a variables.</doc>
<status status="NOT RUN" starttime="20221004 13:24:42.963" endtime="20221004 13:24:42.963"/>
</kw>
<kw name="Log To Console" library="BuiltIn">
<arg>"Prices are difference!!"</arg>
<doc>Logs the given message to the console.</doc>
<status status="NOT RUN" starttime="20221004 13:24:42.963" endtime="20221004 13:24:42.963"/>
</kw>
<kw name="Set Cell Value" library="RPA.Excel.Files">
<arg>${item}</arg>
<arg>1</arg>
<arg>${itemid}</arg>
<doc>Set a cell value in the given worksheet.</doc>
<status status="NOT RUN" starttime="20221004 13:24:42.963" endtime="20221004 13:24:42.963"/>
</kw>
<kw name="Set Cell Value" library="RPA.Excel.Files">
<arg>${item}</arg>
<arg>2</arg>
<arg>${feedtitle}</arg>
<doc>Set a cell value in the given worksheet.</doc>
<status status="NOT RUN" starttime="20221004 13:24:42.963" endtime="20221004 13:24:42.963"/>
</kw>
<kw name="Set Cell Value" library="RPA.Excel.Files">
<arg>${item}</arg>
<arg>3</arg>
<arg>${price.strip()}</arg>
<doc>Set a cell value in the given worksheet.</doc>
<status status="NOT RUN" starttime="20221004 13:24:42.963" endtime="20221004 13:24:42.963"/>
</kw>
<kw name="Set Cell Value" library="RPA.Excel.Files">
<arg>${item}</arg>
<arg>4</arg>
<arg>${web_price}</arg>
<doc>Set a cell value in the given worksheet.</doc>
<status status="NOT RUN" starttime="20221004 13:24:42.963" endtime="20221004 13:24:42.963"/>
</kw>
<kw name="Save Workbook" library="RPA.Excel.Files">
<arg>${currenttime}.xlsx</arg>
<doc>Save the active workbook.</doc>
<status status="NOT RUN" starttime="20221004 13:24:42.963" endtime="20221004 13:24:42.963"/>
</kw>
<status status="NOT RUN" starttime="20221004 13:24:42.962" endtime="20221004 13:24:42.963"/>
</branch>
<status status="NOT RUN" starttime="20221004 13:24:42.962" endtime="20221004 13:24:42.963"/>
</if>
<kw name="Close Browser" library="SeleniumLibrary">
<doc>Closes the current browser.</doc>
<status status="NOT RUN" starttime="20221004 13:24:42.963" endtime="20221004 13:24:42.963"/>
</kw>
<kw name="Run Keyword And Continue On Failure" library="BuiltIn">
<arg>Should be equal</arg>
<arg>${price.strip()}</arg>
<arg>${web_price}</arg>
<doc>Runs the keyword and continues execution even if a failure occurs.</doc>
<status status="NOT RUN" starttime="20221004 13:24:42.963" endtime="20221004 13:24:42.963"/>
</kw>
<status status="NOT RUN" starttime="20221004 13:24:42.962" endtime="20221004 13:24:42.963"/>
</branch>
<status status="PASS" starttime="20221004 13:24:42.961" endtime="20221004 13:24:42.963"/>
</if>
<status status="PASS" starttime="20221004 13:24:42.909" endtime="20221004 13:24:42.963"/>
</iter>
<iter>
<var name="${item}">3</var>
<kw name="Get Element Text" library="XML">
<var>${feedtitle}</var>
<arg>${xml_obj}</arg>
<arg>.//channel/item[${item}]/title</arg>
<doc>Returns all text of the element, possibly whitespace normalized.</doc>
<msg timestamp="20221004 13:24:43.016" level="INFO">${feedtitle} = Xbox Live Gold 4 maanden</msg>
<status status="PASS" starttime="20221004 13:24:42.963" endtime="20221004 13:24:43.016"/>
</kw>
<if>
<branch type="IF" condition="&quot;${feedtitle}&quot; in &quot;@{products}&quot;">
<kw name="Get Element Text" library="XML">
<var>${feedprice}</var>
<arg>${xml_obj}</arg>
<arg>.//channel/item[${item}]/price</arg>
<doc>Returns all text of the element, possibly whitespace normalized.</doc>
<status status="NOT RUN" starttime="20221004 13:24:43.016" endtime="20221004 13:24:43.016"/>
</kw>
<kw name="Get Element Text" library="XML">
<var>${itemurl}</var>
<arg>${xml_obj}</arg>
<arg>.//channel/item[${item}]/link</arg>
<doc>Returns all text of the element, possibly whitespace normalized.</doc>
<status status="NOT RUN" starttime="20221004 13:24:43.016" endtime="20221004 13:24:43.016"/>
</kw>
<kw name="Get Element Text" library="XML">
<var>${itemid}</var>
<arg>${xml_obj}</arg>
<arg>.//channel/item[${item}]/id</arg>
<doc>Returns all text of the element, possibly whitespace normalized.</doc>
<status status="NOT RUN" starttime="20221004 13:24:43.016" endtime="20221004 13:24:43.016"/>
</kw>
<kw name="Replace String" library="String">
<var>${price}</var>
<arg>${feedprice}</arg>
<arg>EUR</arg>
<arg>${EMPTY}</arg>
<doc>Replaces ``search_for`` in the given ``string`` with ``replace_with``.</doc>
<status status="NOT RUN" starttime="20221004 13:24:43.016" endtime="20221004 13:24:43.016"/>
</kw>
<kw name="Replace String" library="String">
<var>${price}</var>
<arg>${price}</arg>
<arg>.</arg>
<arg>,</arg>
<doc>Replaces ``search_for`` in the given ``string`` with ``replace_with``.</doc>
<status status="NOT RUN" starttime="20221004 13:24:43.016" endtime="20221004 13:24:43.016"/>
</kw>
<kw name="Run Keyword And Continue On Failure" library="BuiltIn">
<arg>Open Browser</arg>
<arg>${itemurl}</arg>
<arg>headlesschrome</arg>
<doc>Runs the keyword and continues execution even if a failure occurs.</doc>
<status status="NOT RUN" starttime="20221004 13:24:43.016" endtime="20221004 13:24:43.017"/>
</kw>
<kw name="Run Keyword And Continue On Failure" library="BuiltIn">
<arg>Wait Until Element Is Visible</arg>
<arg>(//span[@class='the-price'])[2]</arg>
<doc>Runs the keyword and continues execution even if a failure occurs.</doc>
<status status="NOT RUN" starttime="20221004 13:24:43.017" endtime="20221004 13:24:43.017"/>
</kw>
<kw name="Get Text" library="SeleniumLibrary">
<var>${web_price}</var>
<arg>(//span[@class='the-price'])[2]</arg>
<doc>Returns the text value of the element identified by ``locator``.</doc>
<status status="NOT RUN" starttime="20221004 13:24:43.017" endtime="20221004 13:24:43.017"/>
</kw>
<if>
<branch type="IF" condition="&quot;${price.strip()}&quot; != &quot;${web_price}&quot;">
<kw name="Get Current Date" library="DateTime">
<var>${date}</var>
<arg>UTC</arg>
<arg>exclude_millis=yes</arg>
<doc>Returns current local or UTC time with an optional increment.</doc>
<status status="NOT RUN" starttime="20221004 13:24:43.017" endtime="20221004 13:24:43.017"/>
</kw>
<kw name="Convert Date" library="DateTime">
<var>${datetime}</var>
<arg>${date}</arg>
<arg>datetime</arg>
<doc>Converts between supported `date formats`.</doc>
<status status="NOT RUN" starttime="20221004 13:24:43.017" endtime="20221004 13:24:43.017"/>
</kw>
<kw name="Set Variable" library="BuiltIn">
<var>${currenttime}</var>
<arg>${datetime.year}${datetime.month}${datetime.day}.${datetime.hour}:${datetime.minute}:${datetime.second}</arg>
<doc>Returns the given values which can then be assigned to a variables.</doc>
<status status="NOT RUN" starttime="20221004 13:24:43.017" endtime="20221004 13:24:43.017"/>
</kw>
<kw name="Log To Console" library="BuiltIn">
<arg>"Prices are difference!!"</arg>
<doc>Logs the given message to the console.</doc>
<status status="NOT RUN" starttime="20221004 13:24:43.017" endtime="20221004 13:24:43.017"/>
</kw>
<kw name="Set Cell Value" library="RPA.Excel.Files">
<arg>${item}</arg>
<arg>1</arg>
<arg>${itemid}</arg>
<doc>Set a cell value in the given worksheet.</doc>
<status status="NOT RUN" starttime="20221004 13:24:43.017" endtime="20221004 13:24:43.017"/>
</kw>
<kw name="Set Cell Value" library="RPA.Excel.Files">
<arg>${item}</arg>
<arg>2</arg>
<arg>${feedtitle}</arg>
<doc>Set a cell value in the given worksheet.</doc>
<status status="NOT RUN" starttime="20221004 13:24:43.017" endtime="20221004 13:24:43.017"/>
</kw>
<kw name="Set Cell Value" library="RPA.Excel.Files">
<arg>${item}</arg>
<arg>3</arg>
<arg>${price.strip()}</arg>
<doc>Set a cell value in the given worksheet.</doc>
<status status="NOT RUN" starttime="20221004 13:24:43.017" endtime="20221004 13:24:43.017"/>
</kw>
<kw name="Set Cell Value" library="RPA.Excel.Files">
<arg>${item}</arg>
<arg>4</arg>
<arg>${web_price}</arg>
<doc>Set a cell value in the given worksheet.</doc>
<status status="NOT RUN" starttime="20221004 13:24:43.017" endtime="20221004 13:24:43.017"/>
</kw>
<kw name="Save Workbook" library="RPA.Excel.Files">
<arg>${currenttime}.xlsx</arg>
<doc>Save the active workbook.</doc>
<status status="NOT RUN" starttime="20221004 13:24:43.017" endtime="20221004 13:24:43.017"/>
</kw>
<status status="NOT RUN" starttime="20221004 13:24:43.017" endtime="20221004 13:24:43.017"/>
</branch>
<status status="NOT RUN" starttime="20221004 13:24:43.017" endtime="20221004 13:24:43.017"/>
</if>
<kw name="Close Browser" library="SeleniumLibrary">
<doc>Closes the current browser.</doc>
<status status="NOT RUN" starttime="20221004 13:24:43.017" endtime="20221004 13:24:43.017"/>
</kw>
<kw name="Run Keyword And Continue On Failure" library="BuiltIn">
<arg>Should be equal</arg>
<arg>${price.strip()}</arg>
<arg>${web_price}</arg>
<doc>Runs the keyword and continues execution even if a failure occurs.</doc>
<status status="NOT RUN" starttime="20221004 13:24:43.017" endtime="20221004 13:24:43.017"/>
</kw>
<status status="NOT RUN" starttime="20221004 13:24:43.016" endtime="20221004 13:24:43.017"/>
</branch>
<status status="PASS" starttime="20221004 13:24:43.016" endtime="20221004 13:24:43.018"/>
</if>
<status status="PASS" starttime="20221004 13:24:42.963" endtime="20221004 13:24:43.018"/>
</iter>
<iter>
<var name="${item}">4</var>
<kw name="Get Element Text" library="XML">
<var>${feedtitle}</var>
<arg>${xml_obj}</arg>
<arg>.//channel/item[${item}]/title</arg>
<doc>Returns all text of the element, possibly whitespace normalized.</doc>
<msg timestamp="20221004 13:24:43.071" level="INFO">${feedtitle} = Xbox Live Gold 12 Maanden Abonnement</msg>
<status status="PASS" starttime="20221004 13:24:43.018" endtime="20221004 13:24:43.071"/>
</kw>
<if>
<branch type="IF" condition="&quot;${feedtitle}&quot; in &quot;@{products}&quot;">
<kw name="Get Element Text" library="XML">
<var>${feedprice}</var>
<arg>${xml_obj}</arg>
<arg>.//channel/item[${item}]/price</arg>
<doc>Returns all text of the element, possibly whitespace normalized.</doc>
<status status="NOT RUN" starttime="20221004 13:24:43.071" endtime="20221004 13:24:43.072"/>
</kw>
<kw name="Get Element Text" library="XML">
<var>${itemurl}</var>
<arg>${xml_obj}</arg>
<arg>.//channel/item[${item}]/link</arg>
<doc>Returns all text of the element, possibly whitespace normalized.</doc>
<status status="NOT RUN" starttime="20221004 13:24:43.072" endtime="20221004 13:24:43.072"/>
</kw>
<kw name="Get Element Text" library="XML">
<var>${itemid}</var>
<arg>${xml_obj}</arg>
<arg>.//channel/item[${item}]/id</arg>
<doc>Returns all text of the element, possibly whitespace normalized.</doc>
<status status="NOT RUN" starttime="20221004 13:24:43.072" endtime="20221004 13:24:43.072"/>
</kw>
<kw name="Replace String" library="String">
<var>${price}</var>
<arg>${feedprice}</arg>
<arg>EUR</arg>
<arg>${EMPTY}</arg>
<doc>Replaces ``search_for`` in the given ``string`` with ``replace_with``.</doc>
<status status="NOT RUN" starttime="20221004 13:24:43.072" endtime="20221004 13:24:43.072"/>
</kw>
<kw name="Replace String" library="String">
<var>${price}</var>
<arg>${price}</arg>
<arg>.</arg>
<arg>,</arg>
<doc>Replaces ``search_for`` in the given ``string`` with ``replace_with``.</doc>
<status status="NOT RUN" starttime="20221004 13:24:43.072" endtime="20221004 13:24:43.072"/>
</kw>
<kw name="Run Keyword And Continue On Failure" library="BuiltIn">
<arg>Open Browser</arg>
<arg>${itemurl}</arg>
<arg>headlesschrome</arg>
<doc>Runs the keyword and continues execution even if a failure occurs.</doc>
<status status="NOT RUN" starttime="20221004 13:24:43.072" endtime="20221004 13:24:43.072"/>
</kw>
<kw name="Run Keyword And Continue On Failure" library="BuiltIn">
<arg>Wait Until Element Is Visible</arg>
<arg>(//span[@class='the-price'])[2]</arg>
<doc>Runs the keyword and continues execution even if a failure occurs.</doc>
<status status="NOT RUN" starttime="20221004 13:24:43.072" endtime="20221004 13:24:43.072"/>
</kw>
<kw name="Get Text" library="SeleniumLibrary">
<var>${web_price}</var>
<arg>(//span[@class='the-price'])[2]</arg>
<doc>Returns the text value of the element identified by ``locator``.</doc>
<status status="NOT RUN" starttime="20221004 13:24:43.072" endtime="20221004 13:24:43.072"/>
</kw>
<if>
<branch type="IF" condition="&quot;${price.strip()}&quot; != &quot;${web_price}&quot;">
<kw name="Get Current Date" library="DateTime">
<var>${date}</var>
<arg>UTC</arg>
<arg>exclude_millis=yes</arg>
<doc>Returns current local or UTC time with an optional increment.</doc>
<status status="NOT RUN" starttime="20221004 13:24:43.072" endtime="20221004 13:24:43.072"/>
</kw>
<kw name="Convert Date" library="DateTime">
<var>${datetime}</var>
<arg>${date}</arg>
<arg>datetime</arg>
<doc>Converts between supported `date formats`.</doc>
<status status="NOT RUN" starttime="20221004 13:24:43.072" endtime="20221004 13:24:43.072"/>
</kw>
<kw name="Set Variable" library="BuiltIn">
<var>${currenttime}</var>
<arg>${datetime.year}${datetime.month}${datetime.day}.${datetime.hour}:${datetime.minute}:${datetime.second}</arg>
<doc>Returns the given values which can then be assigned to a variables.</doc>
<status status="NOT RUN" starttime="20221004 13:24:43.073" endtime="20221004 13:24:43.073"/>
</kw>
<kw name="Log To Console" library="BuiltIn">
<arg>"Prices are difference!!"</arg>
<doc>Logs the given message to the console.</doc>
<status status="NOT RUN" starttime="20221004 13:24:43.073" endtime="20221004 13:24:43.073"/>
</kw>
<kw name="Set Cell Value" library="RPA.Excel.Files">
<arg>${item}</arg>
<arg>1</arg>
<arg>${itemid}</arg>
<doc>Set a cell value in the given worksheet.</doc>
<status status="NOT RUN" starttime="20221004 13:24:43.073" endtime="20221004 13:24:43.073"/>
</kw>
<kw name="Set Cell Value" library="RPA.Excel.Files">
<arg>${item}</arg>
<arg>2</arg>
<arg>${feedtitle}</arg>
<doc>Set a cell value in the given worksheet.</doc>
<status status="NOT RUN" starttime="20221004 13:24:43.073" endtime="20221004 13:24:43.073"/>
</kw>
<kw name="Set Cell Value" library="RPA.Excel.Files">
<arg>${item}</arg>
<arg>3</arg>
<arg>${price.strip()}</arg>
<doc>Set a cell value in the given worksheet.</doc>
<status status="NOT RUN" starttime="20221004 13:24:43.073" endtime="20221004 13:24:43.073"/>
</kw>
<kw name="Set Cell Value" library="RPA.Excel.Files">
<arg>${item}</arg>
<arg>4</arg>
<arg>${web_price}</arg>
<doc>Set a cell value in the given worksheet.</doc>
<status status="NOT RUN" starttime="20221004 13:24:43.073" endtime="20221004 13:24:43.073"/>
</kw>
<kw name="Save Workbook" library="RPA.Excel.Files">
<arg>${currenttime}.xlsx</arg>
<doc>Save the active workbook.</doc>
<status status="NOT RUN" starttime="20221004 13:24:43.073" endtime="20221004 13:24:43.073"/>
</kw>
<status status="NOT RUN" starttime="20221004 13:24:43.072" endtime="20221004 13:24:43.073"/>
</branch>
<status status="NOT RUN" starttime="20221004 13:24:43.072" endtime="20221004 13:24:43.073"/>
</if>
<kw name="Close Browser" library="SeleniumLibrary">
<doc>Closes the current browser.</doc>
<status status="NOT RUN" starttime="20221004 13:24:43.073" endtime="20221004 13:24:43.073"/>
</kw>
<kw name="Run Keyword And Continue On Failure" library="BuiltIn">
<arg>Should be equal</arg>
<arg>${price.strip()}</arg>
<arg>${web_price}</arg>
<doc>Runs the keyword and continues execution even if a failure occurs.</doc>
<status status="NOT RUN" starttime="20221004 13:24:43.073" endtime="20221004 13:24:43.073"/>
</kw>
<status status="NOT RUN" starttime="20221004 13:24:43.071" endtime="20221004 13:24:43.073"/>
</branch>
<status status="PASS" starttime="20221004 13:24:43.071" endtime="20221004 13:24:43.073"/>
</if>
<status status="PASS" starttime="20221004 13:24:43.018" endtime="20221004 13:24:43.073"/>
</iter>
<iter>
<var name="${item}">5</var>
<kw name="Get Element Text" library="XML">
<var>${feedtitle}</var>
<arg>${xml_obj}</arg>
<arg>.//channel/item[${item}]/title</arg>
<doc>Returns all text of the element, possibly whitespace normalized.</doc>
<msg timestamp="20221004 13:24:43.128" level="INFO">${feedtitle} = World Of Warcraft - 60 days (EU)</msg>
<status status="PASS" starttime="20221004 13:24:43.073" endtime="20221004 13:24:43.128"/>
</kw>
<if>
<branch type="IF" condition="&quot;${feedtitle}&quot; in &quot;@{products}&quot;">
<kw name="Get Element Text" library="XML">
<var>${feedprice}</var>
<arg>${xml_obj}</arg>
<arg>.//channel/item[${item}]/price</arg>
<doc>Returns all text of the element, possibly whitespace normalized.</doc>
<status status="NOT RUN" starttime="20221004 13:24:43.128" endtime="20221004 13:24:43.128"/>
</kw>
<kw name="Get Element Text" library="XML">
<var>${itemurl}</var>
<arg>${xml_obj}</arg>
<arg>.//channel/item[${item}]/link</arg>
<doc>Returns all text of the element, possibly whitespace normalized.</doc>
<status status="NOT RUN" starttime="20221004 13:24:43.129" endtime="20221004 13:24:43.129"/>
</kw>
<kw name="Get Element Text" library="XML">
<var>${itemid}</var>
<arg>${xml_obj}</arg>
<arg>.//channel/item[${item}]/id</arg>
<doc>Returns all text of the element, possibly whitespace normalized.</doc>
<status status="NOT RUN" starttime="20221004 13:24:43.129" endtime="20221004 13:24:43.129"/>
</kw>
<kw name="Replace String" library="String">
<var>${price}</var>
<arg>${feedprice}</arg>
<arg>EUR</arg>
<arg>${EMPTY}</arg>
<doc>Replaces ``search_for`` in the given ``string`` with ``replace_with``.</doc>
<status status="NOT RUN" starttime="20221004 13:24:43.129" endtime="20221004 13:24:43.129"/>
</kw>
<kw name="Replace String" library="String">
<var>${price}</var>
<arg>${price}</arg>
<arg>.</arg>
<arg>,</arg>
<doc>Replaces ``search_for`` in the given ``string`` with ``replace_with``.</doc>
<status status="NOT RUN" starttime="20221004 13:24:43.129" endtime="20221004 13:24:43.129"/>
</kw>
<kw name="Run Keyword And Continue On Failure" library="BuiltIn">
<arg>Open Browser</arg>
<arg>${itemurl}</arg>
<arg>headlesschrome</arg>
<doc>Runs the keyword and continues execution even if a failure occurs.</doc>
<status status="NOT RUN" starttime="20221004 13:24:43.129" endtime="20221004 13:24:43.129"/>
</kw>
<kw name="Run Keyword And Continue On Failure" library="BuiltIn">
<arg>Wait Until Element Is Visible</arg>
<arg>(//span[@class='the-price'])[2]</arg>
<doc>Runs the keyword and continues execution even if a failure occurs.</doc>
<status status="NOT RUN" starttime="20221004 13:24:43.129" endtime="20221004 13:24:43.129"/>
</kw>
<kw name="Get Text" library="SeleniumLibrary">
<var>${web_price}</var>
<arg>(//span[@class='the-price'])[2]</arg>
<doc>Returns the text value of the element identified by ``locator``.</doc>
<status status="NOT RUN" starttime="20221004 13:24:43.129" endtime="20221004 13:24:43.129"/>
</kw>
<if>
<branch type="IF" condition="&quot;${price.strip()}&quot; != &quot;${web_price}&quot;">
<kw name="Get Current Date" library="DateTime">
<var>${date}</var>
<arg>UTC</arg>
<arg>exclude_millis=yes</arg>
<doc>Returns current local or UTC time with an optional increment.</doc>
<status status="NOT RUN" starttime="20221004 13:24:43.129" endtime="20221004 13:24:43.129"/>
</kw>
<kw name="Convert Date" library="DateTime">
<var>${datetime}</var>
<arg>${date}</arg>
<arg>datetime</arg>
<doc>Converts between supported `date formats`.</doc>
<status status="NOT RUN" starttime="20221004 13:24:43.129" endtime="20221004 13:24:43.129"/>
</kw>
<kw name="Set Variable" library="BuiltIn">
<var>${currenttime}</var>
<arg>${datetime.year}${datetime.month}${datetime.day}.${datetime.hour}:${datetime.minute}:${datetime.second}</arg>
<doc>Returns the given values which can then be assigned to a variables.</doc>
<status status="NOT RUN" starttime="20221004 13:24:43.129" endtime="20221004 13:24:43.129"/>
</kw>
<kw name="Log To Console" library="BuiltIn">
<arg>"Prices are difference!!"</arg>
<doc>Logs the given message to the console.</doc>
<status status="NOT RUN" starttime="20221004 13:24:43.129" endtime="20221004 13:24:43.130"/>
</kw>
<kw name="Set Cell Value" library="RPA.Excel.Files">
<arg>${item}</arg>
<arg>1</arg>
<arg>${itemid}</arg>
<doc>Set a cell value in the given worksheet.</doc>
<status status="NOT RUN" starttime="20221004 13:24:43.130" endtime="20221004 13:24:43.130"/>
</kw>
<kw name="Set Cell Value" library="RPA.Excel.Files">
<arg>${item}</arg>
<arg>2</arg>
<arg>${feedtitle}</arg>
<doc>Set a cell value in the given worksheet.</doc>
<status status="NOT RUN" starttime="20221004 13:24:43.130" endtime="20221004 13:24:43.130"/>
</kw>
<kw name="Set Cell Value" library="RPA.Excel.Files">
<arg>${item}</arg>
<arg>3</arg>
<arg>${price.strip()}</arg>
<doc>Set a cell value in the given worksheet.</doc>
<status status="NOT RUN" starttime="20221004 13:24:43.130" endtime="20221004 13:24:43.130"/>
</kw>
<kw name="Set Cell Value" library="RPA.Excel.Files">
<arg>${item}</arg>
<arg>4</arg>
<arg>${web_price}</arg>
<doc>Set a cell value in the given worksheet.</doc>
<status status="NOT RUN" starttime="20221004 13:24:43.130" endtime="20221004 13:24:43.130"/>
</kw>
<kw name="Save Workbook" library="RPA.Excel.Files">
<arg>${currenttime}.xlsx</arg>
<doc>Save the active workbook.</doc>
<status status="NOT RUN" starttime="20221004 13:24:43.130" endtime="20221004 13:24:43.130"/>
</kw>
<status status="NOT RUN" starttime="20221004 13:24:43.129" endtime="20221004 13:24:43.130"/>
</branch>
<status status="NOT RUN" starttime="20221004 13:24:43.129" endtime="20221004 13:24:43.130"/>
</if>
<kw name="Close Browser" library="SeleniumLibrary">
<doc>Closes the current browser.</doc>
<status status="NOT RUN" starttime="20221004 13:24:43.130" endtime="20221004 13:24:43.130"/>
</kw>
<kw name="Run Keyword And Continue On Failure" library="BuiltIn">
<arg>Should be equal</arg>
<arg>${price.strip()}</arg>
<arg>${web_price}</arg>
<doc>Runs the keyword and continues execution even if a failure occurs.</doc>
<status status="NOT RUN" starttime="20221004 13:24:43.130" endtime="20221004 13:24:43.130"/>
</kw>
<status status="NOT RUN" starttime="20221004 13:24:43.128" endtime="20221004 13:24:43.130"/>
</branch>
<status status="PASS" starttime="20221004 13:24:43.128" endtime="20221004 13:24:43.130"/>
</if>
<status status="PASS" starttime="20221004 13:24:43.073" endtime="20221004 13:24:43.130"/>
</iter>
<iter>
<var name="${item}">6</var>
<kw name="Get Element Text" library="XML">
<var>${feedtitle}</var>
<arg>${xml_obj}</arg>
<arg>.//channel/item[${item}]/title</arg>
<doc>Returns all text of the element, possibly whitespace normalized.</doc>
<msg timestamp="20221004 13:24:43.183" level="INFO">${feedtitle} = PlayStation Network Card 20 euro NL</msg>
<status status="PASS" starttime="20221004 13:24:43.130" endtime="20221004 13:24:43.183"/>
</kw>
<if>
<branch type="IF" condition="&quot;${feedtitle}&quot; in &quot;@{products}&quot;">
<kw name="Get Element Text" library="XML">
<var>${feedprice}</var>
<arg>${xml_obj}</arg>
<arg>.//channel/item[${item}]/price</arg>
<doc>Returns all text of the element, possibly whitespace normalized.</doc>
<status status="NOT RUN" starttime="20221004 13:24:43.184" endtime="20221004 13:24:43.184"/>
</kw>
<kw name="Get Element Text" library="XML">
<var>${itemurl}</var>
<arg>${xml_obj}</arg>
<arg>.//channel/item[${item}]/link</arg>
<doc>Returns all text of the element, possibly whitespace normalized.</doc>
<status status="NOT RUN" starttime="20221004 13:24:43.184" endtime="20221004 13:24:43.184"/>
</kw>
<kw name="Get Element Text" library="XML">
<var>${itemid}</var>
<arg>${xml_obj}</arg>
<arg>.//channel/item[${item}]/id</arg>
<doc>Returns all text of the element, possibly whitespace normalized.</doc>
<status status="NOT RUN" starttime="20221004 13:24:43.184" endtime="20221004 13:24:43.184"/>
</kw>
<kw name="Replace String" library="String">
<var>${price}</var>
<arg>${feedprice}</arg>
<arg>EUR</arg>
<arg>${EMPTY}</arg>
<doc>Replaces ``search_for`` in the given ``string`` with ``replace_with``.</doc>
<status status="NOT RUN" starttime="20221004 13:24:43.184" endtime="20221004 13:24:43.184"/>
</kw>
<kw name="Replace String" library="String">
<var>${price}</var>
<arg>${price}</arg>
<arg>.</arg>
<arg>,</arg>
<doc>Replaces ``search_for`` in the given ``string`` with ``replace_with``.</doc>
<status status="NOT RUN" starttime="20221004 13:24:43.184" endtime="20221004 13:24:43.184"/>
</kw>
<kw name="Run Keyword And Continue On Failure" library="BuiltIn">
<arg>Open Browser</arg>
<arg>${itemurl}</arg>
<arg>headlesschrome</arg>
<doc>Runs the keyword and continues execution even if a failure occurs.</doc>
<status status="NOT RUN" starttime="20221004 13:24:43.184" endtime="20221004 13:24:43.184"/>
</kw>
<kw name="Run Keyword And Continue On Failure" library="BuiltIn">
<arg>Wait Until Element Is Visible</arg>
<arg>(//span[@class='the-price'])[2]</arg>
<doc>Runs the keyword and continues execution even if a failure occurs.</doc>
<status status="NOT RUN" starttime="20221004 13:24:43.184" endtime="20221004 13:24:43.184"/>
</kw>
<kw name="Get Text" library="SeleniumLibrary">
<var>${web_price}</var>
<arg>(//span[@class='the-price'])[2]</arg>
<doc>Returns the text value of the element identified by ``locator``.</doc>
<status status="NOT RUN" starttime="20221004 13:24:43.184" endtime="20221004 13:24:43.184"/>
</kw>
<if>
<branch type="IF" condition="&quot;${price.strip()}&quot; != &quot;${web_price}&quot;">
<kw name="Get Current Date" library="DateTime">
<var>${date}</var>
<arg>UTC</arg>
<arg>exclude_millis=yes</arg>
<doc>Returns current local or UTC time with an optional increment.</doc>
<status status="NOT RUN" starttime="20221004 13:24:43.184" endtime="20221004 13:24:43.184"/>
</kw>
<kw name="Convert Date" library="DateTime">
<var>${datetime}</var>
<arg>${date}</arg>
<arg>datetime</arg>
<doc>Converts between supported `date formats`.</doc>
<status status="NOT RUN" starttime="20221004 13:24:43.185" endtime="20221004 13:24:43.185"/>
</kw>
<kw name="Set Variable" library="BuiltIn">
<var>${currenttime}</var>
<arg>${datetime.year}${datetime.month}${datetime.day}.${datetime.hour}:${datetime.minute}:${datetime.second}</arg>
<doc>Returns the given values which can then be assigned to a variables.</doc>
<status status="NOT RUN" starttime="20221004 13:24:43.185" endtime="20221004 13:24:43.185"/>
</kw>
<kw name="Log To Console" library="BuiltIn">
<arg>"Prices are difference!!"</arg>
<doc>Logs the given message to the console.</doc>
<status status="NOT RUN" starttime="20221004 13:24:43.185" endtime="20221004 13:24:43.185"/>
</kw>
<kw name="Set Cell Value" library="RPA.Excel.Files">
<arg>${item}</arg>
<arg>1</arg>
<arg>${itemid}</arg>
<doc>Set a cell value in the given worksheet.</doc>
<status status="NOT RUN" starttime="20221004 13:24:43.185" endtime="20221004 13:24:43.185"/>
</kw>
<kw name="Set Cell Value" library="RPA.Excel.Files">
<arg>${item}</arg>
<arg>2</arg>
<arg>${feedtitle}</arg>
<doc>Set a cell value in the given worksheet.</doc>
<status status="NOT RUN" starttime="20221004 13:24:43.185" endtime="20221004 13:24:43.185"/>
</kw>
<kw name="Set Cell Value" library="RPA.Excel.Files">
<arg>${item}</arg>
<arg>3</arg>
<arg>${price.strip()}</arg>
<doc>Set a cell value in the given worksheet.</doc>
<status status="NOT RUN" starttime="20221004 13:24:43.185" endtime="20221004 13:24:43.185"/>
</kw>
<kw name="Set Cell Value" library="RPA.Excel.Files">
<arg>${item}</arg>
<arg>4</arg>
<arg>${web_price}</arg>
<doc>Set a cell value in the given worksheet.</doc>
<status status="NOT RUN" starttime="20221004 13:24:43.185" endtime="20221004 13:24:43.185"/>
</kw>
<kw name="Save Workbook" library="RPA.Excel.Files">
<arg>${currenttime}.xlsx</arg>
<doc>Save the active workbook.</doc>
<status status="NOT RUN" starttime="20221004 13:24:43.185" endtime="20221004 13:24:43.185"/>
</kw>
<status status="NOT RUN" starttime="20221004 13:24:43.184" endtime="20221004 13:24:43.185"/>
</branch>
<status status="NOT RUN" starttime="20221004 13:24:43.184" endtime="20221004 13:24:43.185"/>
</if>
<kw name="Close Browser" library="SeleniumLibrary">
<doc>Closes the current browser.</doc>
<status status="NOT RUN" starttime="20221004 13:24:43.185" endtime="20221004 13:24:43.185"/>
</kw>
<kw name="Run Keyword And Continue On Failure" library="BuiltIn">
<arg>Should be equal</arg>
<arg>${price.strip()}</arg>
<arg>${web_price}</arg>
<doc>Runs the keyword and continues execution even if a failure occurs.</doc>
<status status="NOT RUN" starttime="20221004 13:24:43.185" endtime="20221004 13:24:43.185"/>
</kw>
<status status="NOT RUN" starttime="20221004 13:24:43.184" endtime="20221004 13:24:43.185"/>
</branch>
<status status="PASS" starttime="20221004 13:24:43.183" endtime="20221004 13:24:43.185"/>
</if>
<status status="PASS" starttime="20221004 13:24:43.130" endtime="20221004 13:24:43.185"/>
</iter>
<iter>
<var name="${item}">7</var>
<kw name="Get Element Text" library="XML">
<var>${feedtitle}</var>
<arg>${xml_obj}</arg>
<arg>.//channel/item[${item}]/title</arg>
<doc>Returns all text of the element, possibly whitespace normalized.</doc>
<msg timestamp="20221004 13:24:43.240" level="INFO">${feedtitle} = Playstation Network Card 50 euro NL</msg>
<status status="PASS" starttime="20221004 13:24:43.186" endtime="20221004 13:24:43.240"/>
</kw>
<if>
<branch type="IF" condition="&quot;${feedtitle}&quot; in &quot;@{products}&quot;">
<kw name="Get Element Text" library="XML">
<var>${feedprice}</var>
<arg>${xml_obj}</arg>
<arg>.//channel/item[${item}]/price</arg>
<doc>Returns all text of the element, possibly whitespace normalized.</doc>
<status status="NOT RUN" starttime="20221004 13:24:43.240" endtime="20221004 13:24:43.240"/>
</kw>
<kw name="Get Element Text" library="XML">
<var>${itemurl}</var>
<arg>${xml_obj}</arg>
<arg>.//channel/item[${item}]/link</arg>
<doc>Returns all text of the element, possibly whitespace normalized.</doc>
<status status="NOT RUN" starttime="20221004 13:24:43.240" endtime="20221004 13:24:43.240"/>
</kw>
<kw name="Get Element Text" library="XML">
<var>${itemid}</var>
<arg>${xml_obj}</arg>
<arg>.//channel/item[${item}]/id</arg>
<doc>Returns all text of the element, possibly whitespace normalized.</doc>
<status status="NOT RUN" starttime="20221004 13:24:43.240" endtime="20221004 13:24:43.240"/>
</kw>
<kw name="Replace String" library="String">
<var>${price}</var>
<arg>${feedprice}</arg>
<arg>EUR</arg>
<arg>${EMPTY}</arg>
<doc>Replaces ``search_for`` in the given ``string`` with ``replace_with``.</doc>
<status status="NOT RUN" starttime="20221004 13:24:43.240" endtime="20221004 13:24:43.240"/>
</kw>
<kw name="Replace String" library="String">
<var>${price}</var>
<arg>${price}</arg>
<arg>.</arg>
<arg>,</arg>
<doc>Replaces ``search_for`` in the given ``string`` with ``replace_with``.</doc>
<status status="NOT RUN" starttime="20221004 13:24:43.240" endtime="20221004 13:24:43.240"/>
</kw>
<kw name="Run Keyword And Continue On Failure" library="BuiltIn">
<arg>Open Browser</arg>
<arg>${itemurl}</arg>
<arg>headlesschrome</arg>
<doc>Runs the keyword and continues execution even if a failure occurs.</doc>
<status status="NOT RUN" starttime="20221004 13:24:43.240" endtime="20221004 13:24:43.240"/>
</kw>
<kw name="Run Keyword And Continue On Failure" library="BuiltIn">
<arg>Wait Until Element Is Visible</arg>
<arg>(//span[@class='the-price'])[2]</arg>
<doc>Runs the keyword and continues execution even if a failure occurs.</doc>
<status status="NOT RUN" starttime="20221004 13:24:43.240" endtime="20221004 13:24:43.240"/>
</kw>
<kw name="Get Text" library="SeleniumLibrary">
<var>${web_price}</var>
<arg>(//span[@class='the-price'])[2]</arg>
<doc>Returns the text value of the element identified by ``locator``.</doc>
<status status="NOT RUN" starttime="20221004 13:24:43.241" endtime="20221004 13:24:43.241"/>
</kw>
<if>
<branch type="IF" condition="&quot;${price.strip()}&quot; != &quot;${web_price}&quot;">
<kw name="Get Current Date" library="DateTime">
<var>${date}</var>
<arg>UTC</arg>
<arg>exclude_millis=yes</arg>
<doc>Returns current local or UTC time with an optional increment.</doc>
<status status="NOT RUN" starttime="20221004 13:24:43.241" endtime="20221004 13:24:43.241"/>
</kw>
<kw name="Convert Date" library="DateTime">
<var>${datetime}</var>
<arg>${date}</arg>
<arg>datetime</arg>
<doc>Converts between supported `date formats`.</doc>
<status status="NOT RUN" starttime="20221004 13:24:43.241" endtime="20221004 13:24:43.241"/>
</kw>
<kw name="Set Variable" library="BuiltIn">
<var>${currenttime}</var>
<arg>${datetime.year}${datetime.month}${datetime.day}.${datetime.hour}:${datetime.minute}:${datetime.second}</arg>
<doc>Returns the given values which can then be assigned to a variables.</doc>
<status status="NOT RUN" starttime="20221004 13:24:43.241" endtime="20221004 13:24:43.241"/>
</kw>
<kw name="Log To Console" library="BuiltIn">
<arg>"Prices are difference!!"</arg>
<doc>Logs the given message to the console.</doc>
<status status="NOT RUN" starttime="20221004 13:24:43.241" endtime="20221004 13:24:43.241"/>
</kw>
<kw name="Set Cell Value" library="RPA.Excel.Files">
<arg>${item}</arg>
<arg>1</arg>
<arg>${itemid}</arg>
<doc>Set a cell value in the given worksheet.</doc>
<status status="NOT RUN" starttime="20221004 13:24:43.241" endtime="20221004 13:24:43.241"/>
</kw>
<kw name="Set Cell Value" library="RPA.Excel.Files">
<arg>${item}</arg>
<arg>2</arg>
<arg>${feedtitle}</arg>
<doc>Set a cell value in the given worksheet.</doc>
<status status="NOT RUN" starttime="20221004 13:24:43.241" endtime="20221004 13:24:43.241"/>
</kw>
<kw name="Set Cell Value" library="RPA.Excel.Files">
<arg>${item}</arg>
<arg>3</arg>
<arg>${price.strip()}</arg>
<doc>Set a cell value in the given worksheet.</doc>
<status status="NOT RUN" starttime="20221004 13:24:43.241" endtime="20221004 13:24:43.241"/>
</kw>
<kw name="Set Cell Value" library="RPA.Excel.Files">
<arg>${item}</arg>
<arg>4</arg>
<arg>${web_price}</arg>
<doc>Set a cell value in the given worksheet.</doc>
<status status="NOT RUN" starttime="20221004 13:24:43.241" endtime="20221004 13:24:43.241"/>
</kw>
<kw name="Save Workbook" library="RPA.Excel.Files">
<arg>${currenttime}.xlsx</arg>
<doc>Save the active workbook.</doc>
<status status="NOT RUN" starttime="20221004 13:24:43.241" endtime="20221004 13:24:43.241"/>
</kw>
<status status="NOT RUN" starttime="20221004 13:24:43.241" endtime="20221004 13:24:43.241"/>
</branch>
<status status="NOT RUN" starttime="20221004 13:24:43.241" endtime="20221004 13:24:43.241"/>
</if>
<kw name="Close Browser" library="SeleniumLibrary">
<doc>Closes the current browser.</doc>
<status status="NOT RUN" starttime="20221004 13:24:43.241" endtime="20221004 13:24:43.241"/>
</kw>
<kw name="Run Keyword And Continue On Failure" library="BuiltIn">
<arg>Should be equal</arg>
<arg>${price.strip()}</arg>
<arg>${web_price}</arg>
<doc>Runs the keyword and continues execution even if a failure occurs.</doc>
<status status="NOT RUN" starttime="20221004 13:24:43.242" endtime="20221004 13:24:43.242"/>
</kw>
<status status="NOT RUN" starttime="20221004 13:24:43.240" endtime="20221004 13:24:43.242"/>
</branch>
<status status="PASS" starttime="20221004 13:24:43.240" endtime="20221004 13:24:43.242"/>
</if>
<status status="PASS" starttime="20221004 13:24:43.186" endtime="20221004 13:24:43.242"/>
</iter>
<iter>
<var name="${item}">8</var>
<kw name="Get Element Text" library="XML">
<var>${feedtitle}</var>
<arg>${xml_obj}</arg>
<arg>.//channel/item[${item}]/title</arg>
<doc>Returns all text of the element, possibly whitespace normalized.</doc>
<msg timestamp="20221004 13:24:43.295" level="INFO">${feedtitle} = PSN card 20 euro BE</msg>
<status status="PASS" starttime="20221004 13:24:43.242" endtime="20221004 13:24:43.295"/>
</kw>
<if>
<branch type="IF" condition="&quot;${feedtitle}&quot; in &quot;@{products}&quot;">
<kw name="Get Element Text" library="XML">
<var>${feedprice}</var>
<arg>${xml_obj}</arg>
<arg>.//channel/item[${item}]/price</arg>
<doc>Returns all text of the element, possibly whitespace normalized.</doc>
<status status="NOT RUN" starttime="20221004 13:24:43.295" endtime="20221004 13:24:43.295"/>
</kw>
<kw name="Get Element Text" library="XML">
<var>${itemurl}</var>
<arg>${xml_obj}</arg>
<arg>.//channel/item[${item}]/link</arg>
<doc>Returns all text of the element, possibly whitespace normalized.</doc>
<status status="NOT RUN" starttime="20221004 13:24:43.295" endtime="20221004 13:24:43.295"/>
</kw>
<kw name="Get Element Text" library="XML">
<var>${itemid}</var>
<arg>${xml_obj}</arg>
<arg>.//channel/item[${item}]/id</arg>
<doc>Returns all text of the element, possibly whitespace normalized.</doc>
<status status="NOT RUN" starttime="20221004 13:24:43.295" endtime="20221004 13:24:43.295"/>
</kw>
<kw name="Replace String" library="String">
<var>${price}</var>
<arg>${feedprice}</arg>
<arg>EUR</arg>
<arg>${EMPTY}</arg>
<doc>Replaces ``search_for`` in the given ``string`` with ``replace_with``.</doc>
<status status="NOT RUN" starttime="20221004 13:24:43.295" endtime="20221004 13:24:43.296"/>
</kw>
<kw name="Replace String" library="String">
<var>${price}</var>
<arg>${price}</arg>
<arg>.</arg>
<arg>,</arg>
<doc>Replaces ``search_for`` in the given ``string`` with ``replace_with``.</doc>
<status status="NOT RUN" starttime="20221004 13:24:43.296" endtime="20221004 13:24:43.296"/>
</kw>
<kw name="Run Keyword And Continue On Failure" library="BuiltIn">
<arg>Open Browser</arg>
<arg>${itemurl}</arg>
<arg>headlesschrome</arg>
<doc>Runs the keyword and continues execution even if a failure occurs.</doc>
<status status="NOT RUN" starttime="20221004 13:24:43.296" endtime="20221004 13:24:43.296"/>
</kw>
<kw name="Run Keyword And Continue On Failure" library="BuiltIn">
<arg>Wait Until Element Is Visible</arg>
<arg>(//span[@class='the-price'])[2]</arg>
<doc>Runs the keyword and continues execution even if a failure occurs.</doc>
<status status="NOT RUN" starttime="20221004 13:24:43.296" endtime="20221004 13:24:43.296"/>
</kw>
<kw name="Get Text" library="SeleniumLibrary">
<var>${web_price}</var>
<arg>(//span[@class='the-price'])[2]</arg>
<doc>Returns the text value of the element identified by ``locator``.</doc>
<status status="NOT RUN" starttime="20221004 13:24:43.296" endtime="20221004 13:24:43.296"/>
</kw>
<if>
<branch type="IF" condition="&quot;${price.strip()}&quot; != &quot;${web_price}&quot;">
<kw name="Get Current Date" library="DateTime">
<var>${date}</var>
<arg>UTC</arg>
<arg>exclude_millis=yes</arg>
<doc>Returns current local or UTC time with an optional increment.</doc>
<status status="NOT RUN" starttime="20221004 13:24:43.296" endtime="20221004 13:24:43.296"/>
</kw>
<kw name="Convert Date" library="DateTime">
<var>${datetime}</var>
<arg>${date}</arg>
<arg>datetime</arg>
<doc>Converts between supported `date formats`.</doc>
<status status="NOT RUN" starttime="20221004 13:24:43.296" endtime="20221004 13:24:43.296"/>
</kw>
<kw name="Set Variable" library="BuiltIn">
<var>${currenttime}</var>
<arg>${datetime.year}${datetime.month}${datetime.day}.${datetime.hour}:${datetime.minute}:${datetime.second}</arg>
<doc>Returns the given values which can then be assigned to a variables.</doc>
<status status="NOT RUN" starttime="20221004 13:24:43.296" endtime="20221004 13:24:43.296"/>
</kw>
<kw name="Log To Console" library="BuiltIn">
<arg>"Prices are difference!!"</arg>
<doc>Logs the given message to the console.</doc>
<status status="NOT RUN" starttime="20221004 13:24:43.296" endtime="20221004 13:24:43.296"/>
</kw>
<kw name="Set Cell Value" library="RPA.Excel.Files">
<arg>${item}</arg>
<arg>1</arg>
<arg>${itemid}</arg>
<doc>Set a cell value in the given worksheet.</doc>
<status status="NOT RUN" starttime="20221004 13:24:43.296" endtime="20221004 13:24:43.296"/>
</kw>
<kw name="Set Cell Value" library="RPA.Excel.Files">
<arg>${item}</arg>
<arg>2</arg>
<arg>${feedtitle}</arg>
<doc>Set a cell value in the given worksheet.</doc>
<status status="NOT RUN" starttime="20221004 13:24:43.296" endtime="20221004 13:24:43.296"/>
</kw>
<kw name="Set Cell Value" library="RPA.Excel.Files">
<arg>${item}</arg>
<arg>3</arg>
<arg>${price.strip()}</arg>
<doc>Set a cell value in the given worksheet.</doc>
<status status="NOT RUN" starttime="20221004 13:24:43.296" endtime="20221004 13:24:43.296"/>
</kw>
<kw name="Set Cell Value" library="RPA.Excel.Files">
<arg>${item}</arg>
<arg>4</arg>
<arg>${web_price}</arg>
<doc>Set a cell value in the given worksheet.</doc>
<status status="NOT RUN" starttime="20221004 13:24:43.296" endtime="20221004 13:24:43.296"/>
</kw>
<kw name="Save Workbook" library="RPA.Excel.Files">
<arg>${currenttime}.xlsx</arg>
<doc>Save the active workbook.</doc>
<status status="NOT RUN" starttime="20221004 13:24:43.296" endtime="20221004 13:24:43.296"/>
</kw>
<status status="NOT RUN" starttime="20221004 13:24:43.296" endtime="20221004 13:24:43.296"/>
</branch>
<status status="NOT RUN" starttime="20221004 13:24:43.296" endtime="20221004 13:24:43.296"/>
</if>
<kw name="Close Browser" library="SeleniumLibrary">
<doc>Closes the current browser.</doc>
<status status="NOT RUN" starttime="20221004 13:24:43.297" endtime="20221004 13:24:43.297"/>
</kw>
<kw name="Run Keyword And Continue On Failure" library="BuiltIn">
<arg>Should be equal</arg>
<arg>${price.strip()}</arg>
<arg>${web_price}</arg>
<doc>Runs the keyword and continues execution even if a failure occurs.</doc>
<status status="NOT RUN" starttime="20221004 13:24:43.297" endtime="20221004 13:24:43.297"/>
</kw>
<status status="NOT RUN" starttime="20221004 13:24:43.295" endtime="20221004 13:24:43.297"/>
</branch>
<status status="PASS" starttime="20221004 13:24:43.295" endtime="20221004 13:24:43.297"/>
</if>
<status status="PASS" starttime="20221004 13:24:43.242" endtime="20221004 13:24:43.297"/>
</iter>
<iter>
<var name="${item}">9</var>
<kw name="Get Element Text" library="XML">
<var>${feedtitle}</var>
<arg>${xml_obj}</arg>
<arg>.//channel/item[${item}]/title</arg>
<doc>Returns all text of the element, possibly whitespace normalized.</doc>
<msg timestamp="20221004 13:24:43.346" level="INFO">${feedtitle} = PSN card 50 euro BE</msg>
<status status="PASS" starttime="20221004 13:24:43.297" endtime="20221004 13:24:43.346"/>
</kw>
<if>
<branch type="IF" condition="&quot;${feedtitle}&quot; in &quot;@{products}&quot;">
<kw name="Get Element Text" library="XML">
<var>${feedprice}</var>
<arg>${xml_obj}</arg>
<arg>.//channel/item[${item}]/price</arg>
<doc>Returns all text of the element, possibly whitespace normalized.</doc>
<status status="NOT RUN" starttime="20221004 13:24:43.347" endtime="20221004 13:24:43.347"/>
</kw>
<kw name="Get Element Text" library="XML">
<var>${itemurl}</var>
<arg>${xml_obj}</arg>
<arg>.//channel/item[${item}]/link</arg>
<doc>Returns all text of the element, possibly whitespace normalized.</doc>
<status status="NOT RUN" starttime="20221004 13:24:43.347" endtime="20221004 13:24:43.347"/>
</kw>
<kw name="Get Element Text" library="XML">
<var>${itemid}</var>
<arg>${xml_obj}</arg>
<arg>.//channel/item[${item}]/id</arg>
<doc>Returns all text of the element, possibly whitespace normalized.</doc>
<status status="NOT RUN" starttime="20221004 13:24:43.347" endtime="20221004 13:24:43.347"/>
</kw>
<kw name="Replace String" library="String">
<var>${price}</var>
<arg>${feedprice}</arg>
<arg>EUR</arg>
<arg>${EMPTY}</arg>
<doc>Replaces ``search_for`` in the given ``string`` with ``replace_with``.</doc>
<status status="NOT RUN" starttime="20221004 13:24:43.347" endtime="20221004 13:24:43.347"/>
</kw>
<kw name="Replace String" library="String">
<var>${price}</var>
<arg>${price}</arg>
<arg>.</arg>
<arg>,</arg>
<doc>Replaces ``search_for`` in the given ``string`` with ``replace_with``.</doc>
<status status="NOT RUN" starttime="20221004 13:24:43.347" endtime="20221004 13:24:43.347"/>
</kw>
<kw name="Run Keyword And Continue On Failure" library="BuiltIn">
<arg>Open Browser</arg>
<arg>${itemurl}</arg>
<arg>headlesschrome</arg>
<doc>Runs the keyword and continues execution even if a failure occurs.</doc>
<status status="NOT RUN" starttime="20221004 13:24:43.347" endtime="20221004 13:24:43.347"/>
</kw>
<kw name="Run Keyword And Continue On Failure" library="BuiltIn">
<arg>Wait Until Element Is Visible</arg>
<arg>(//span[@class='the-price'])[2]</arg>
<doc>Runs the keyword and continues execution even if a failure occurs.</doc>
<status status="NOT RUN" starttime="20221004 13:24:43.347" endtime="20221004 13:24:43.347"/>
</kw>
<kw name="Get Text" library="SeleniumLibrary">
<var>${web_price}</var>
<arg>(//span[@class='the-price'])[2]</arg>
<doc>Returns the text value of the element identified by ``locator``.</doc>
<status status="NOT RUN" starttime="20221004 13:24:43.347" endtime="20221004 13:24:43.347"/>
</kw>
<if>
<branch type="IF" condition="&quot;${price.strip()}&quot; != &quot;${web_price}&quot;">
<kw name="Get Current Date" library="DateTime">
<var>${date}</var>
<arg>UTC</arg>
<arg>exclude_millis=yes</arg>
<doc>Returns current local or UTC time with an optional increment.</doc>
<status status="NOT RUN" starttime="20221004 13:24:43.347" endtime="20221004 13:24:43.347"/>
</kw>
<kw name="Convert Date" library="DateTime">
<var>${datetime}</var>
<arg>${date}</arg>
<arg>datetime</arg>
<doc>Converts between supported `date formats`.</doc>
<status status="NOT RUN" starttime="20221004 13:24:43.347" endtime="20221004 13:24:43.347"/>
</kw>
<kw name="Set Variable" library="BuiltIn">
<var>${currenttime}</var>
<arg>${datetime.year}${datetime.month}${datetime.day}.${datetime.hour}:${datetime.minute}:${datetime.second}</arg>
<doc>Returns the given values which can then be assigned to a variables.</doc>
<status status="NOT RUN" starttime="20221004 13:24:43.348" endtime="20221004 13:24:43.348"/>
</kw>
<kw name="Log To Console" library="BuiltIn">
<arg>"Prices are difference!!"</arg>
<doc>Logs the given message to the console.</doc>
<status status="NOT RUN" starttime="20221004 13:24:43.348" endtime="20221004 13:24:43.348"/>
</kw>
<kw name="Set Cell Value" library="RPA.Excel.Files">
<arg>${item}</arg>
<arg>1</arg>
<arg>${itemid}</arg>
<doc>Set a cell value in the given worksheet.</doc>
<status status="NOT RUN" starttime="20221004 13:24:43.348" endtime="20221004 13:24:43.348"/>
</kw>
<kw name="Set Cell Value" library="RPA.Excel.Files">
<arg>${item}</arg>
<arg>2</arg>
<arg>${feedtitle}</arg>
<doc>Set a cell value in the given worksheet.</doc>
<status status="NOT RUN" starttime="20221004 13:24:43.348" endtime="20221004 13:24:43.348"/>
</kw>
<kw name="Set Cell Value" library="RPA.Excel.Files">
<arg>${item}</arg>
<arg>3</arg>
<arg>${price.strip()}</arg>
<doc>Set a cell value in the given worksheet.</doc>
<status status="NOT RUN" starttime="20221004 13:24:43.348" endtime="20221004 13:24:43.348"/>
</kw>
<kw name="Set Cell Value" library="RPA.Excel.Files">
<arg>${item}</arg>
<arg>4</arg>
<arg>${web_price}</arg>
<doc>Set a cell value in the given worksheet.</doc>
<status status="NOT RUN" starttime="20221004 13:24:43.348" endtime="20221004 13:24:43.348"/>
</kw>
<kw name="Save Workbook" library="RPA.Excel.Files">
<arg>${currenttime}.xlsx</arg>
<doc>Save the active workbook.</doc>
<status status="NOT RUN" starttime="20221004 13:24:43.348" endtime="20221004 13:24:43.348"/>
</kw>
<status status="NOT RUN" starttime="20221004 13:24:43.347" endtime="20221004 13:24:43.348"/>
</branch>
<status status="NOT RUN" starttime="20221004 13:24:43.347" endtime="20221004 13:24:43.348"/>
</if>
<kw name="Close Browser" library="SeleniumLibrary">
<doc>Closes the current browser.</doc>
<status status="NOT RUN" starttime="20221004 13:24:43.348" endtime="20221004 13:24:43.348"/>
</kw>
<kw name="Run Keyword And Continue On Failure" library="BuiltIn">
<arg>Should be equal</arg>
<arg>${price.strip()}</arg>
<arg>${web_price}</arg>
<doc>Runs the keyword and continues execution even if a failure occurs.</doc>
<status status="NOT RUN" starttime="20221004 13:24:43.348" endtime="20221004 13:24:43.348"/>
</kw>
<status status="NOT RUN" starttime="20221004 13:24:43.347" endtime="20221004 13:24:43.348"/>
</branch>
<status status="PASS" starttime="20221004 13:24:43.346" endtime="20221004 13:24:43.348"/>
</if>
<status status="PASS" starttime="20221004 13:24:43.297" endtime="20221004 13:24:43.348"/>
</iter>
<iter>
<var name="${item}">10</var>
<kw name="Get Element Text" library="XML">
<var>${feedtitle}</var>
<arg>${xml_obj}</arg>
<arg>.//channel/item[${item}]/title</arg>
<doc>Returns all text of the element, possibly whitespace normalized.</doc>
<msg timestamp="20221004 13:24:43.399" level="INFO">${feedtitle} = Guild Wars 2 Gem Card 2000</msg>
<status status="PASS" starttime="20221004 13:24:43.348" endtime="20221004 13:24:43.399"/>
</kw>
<if>
<branch type="IF" condition="&quot;${feedtitle}&quot; in &quot;@{products}&quot;">
<kw name="Get Element Text" library="XML">
<var>${feedprice}</var>
<arg>${xml_obj}</arg>
<arg>.//channel/item[${item}]/price</arg>
<doc>Returns all text of the element, possibly whitespace normalized.</doc>
<status status="NOT RUN" starttime="20221004 13:24:43.399" endtime="20221004 13:24:43.399"/>
</kw>
<kw name="Get Element Text" library="XML">
<var>${itemurl}</var>
<arg>${xml_obj}</arg>
<arg>.//channel/item[${item}]/link</arg>
<doc>Returns all text of the element, possibly whitespace normalized.</doc>
<status status="NOT RUN" starttime="20221004 13:24:43.399" endtime="20221004 13:24:43.399"/>
</kw>
<kw name="Get Element Text" library="XML">
<var>${itemid}</var>
<arg>${xml_obj}</arg>
<arg>.//channel/item[${item}]/id</arg>
<doc>Returns all text of the element, possibly whitespace normalized.</doc>
<status status="NOT RUN" starttime="20221004 13:24:43.399" endtime="20221004 13:24:43.399"/>
</kw>
<kw name="Replace String" library="String">
<var>${price}</var>
<arg>${feedprice}</arg>
<arg>EUR</arg>
<arg>${EMPTY}</arg>
<doc>Replaces ``search_for`` in the given ``string`` with ``replace_with``.</doc>
<status status="NOT RUN" starttime="20221004 13:24:43.399" endtime="20221004 13:24:43.399"/>
</kw>
<kw name="Replace String" library="String">
<var>${price}</var>
<arg>${price}</arg>
<arg>.</arg>
<arg>,</arg>
<doc>Replaces ``search_for`` in the given ``string`` with ``replace_with``.</doc>
<status status="NOT RUN" starttime="20221004 13:24:43.400" endtime="20221004 13:24:43.400"/>
</kw>
<kw name="Run Keyword And Continue On Failure" library="BuiltIn">
<arg>Open Browser</arg>
<arg>${itemurl}</arg>
<arg>headlesschrome</arg>
<doc>Runs the keyword and continues execution even if a failure occurs.</doc>
<status status="NOT RUN" starttime="20221004 13:24:43.400" endtime="20221004 13:24:43.400"/>
</kw>
<kw name="Run Keyword And Continue On Failure" library="BuiltIn">
<arg>Wait Until Element Is Visible</arg>
<arg>(//span[@class='the-price'])[2]</arg>
<doc>Runs the keyword and continues execution even if a failure occurs.</doc>
<status status="NOT RUN" starttime="20221004 13:24:43.400" endtime="20221004 13:24:43.400"/>
</kw>
<kw name="Get Text" library="SeleniumLibrary">
<var>${web_price}</var>
<arg>(//span[@class='the-price'])[2]</arg>
<doc>Returns the text value of the element identified by ``locator``.</doc>
<status status="NOT RUN" starttime="20221004 13:24:43.400" endtime="20221004 13:24:43.400"/>
</kw>
<if>
<branch type="IF" condition="&quot;${price.strip()}&quot; != &quot;${web_price}&quot;">
<kw name="Get Current Date" library="DateTime">
<var>${date}</var>
<arg>UTC</arg>
<arg>exclude_millis=yes</arg>
<doc>Returns current local or UTC time with an optional increment.</doc>
<status status="NOT RUN" starttime="20221004 13:24:43.400" endtime="20221004 13:24:43.400"/>
</kw>
<kw name="Convert Date" library="DateTime">
<var>${datetime}</var>
<arg>${date}</arg>
<arg>datetime</arg>
<doc>Converts between supported `date formats`.</doc>
<status status="NOT RUN" starttime="20221004 13:24:43.400" endtime="20221004 13:24:43.400"/>
</kw>
<kw name="Set Variable" library="BuiltIn">
<var>${currenttime}</var>
<arg>${datetime.year}${datetime.month}${datetime.day}.${datetime.hour}:${datetime.minute}:${datetime.second}</arg>
<doc>Returns the given values which can then be assigned to a variables.</doc>
<status status="NOT RUN" starttime="20221004 13:24:43.400" endtime="20221004 13:24:43.400"/>
</kw>
<kw name="Log To Console" library="BuiltIn">
<arg>"Prices are difference!!"</arg>
<doc>Logs the given message to the console.</doc>
<status status="NOT RUN" starttime="20221004 13:24:43.400" endtime="20221004 13:24:43.400"/>
</kw>
<kw name="Set Cell Value" library="RPA.Excel.Files">
<arg>${item}</arg>
<arg>1</arg>
<arg>${itemid}</arg>
<doc>Set a cell value in the given worksheet.</doc>
<status status="NOT RUN" starttime="20221004 13:24:43.400" endtime="20221004 13:24:43.400"/>
</kw>
<kw name="Set Cell Value" library="RPA.Excel.Files">
<arg>${item}</arg>
<arg>2</arg>
<arg>${feedtitle}</arg>
<doc>Set a cell value in the given worksheet.</doc>
<status status="NOT RUN" starttime="20221004 13:24:43.400" endtime="20221004 13:24:43.400"/>
</kw>
[...]
</if>
<status status="PASS" starttime="20221004 13:24:59.141" endtime="20221004 13:24:59.196"/>
</iter>
<iter>
<var name="${item}">145</var>
<kw name="Get Element Text" library="XML">
<var>${feedtitle}</var>
<arg>${xml_obj}</arg>
<arg>.//channel/item[${item}]/title</arg>
<doc>Returns all text of the element, possibly whitespace normalized.</doc>
<msg timestamp="20221004 13:24:59.250" level="INFO">${feedtitle} = Guild Wars 2 Gem Card 6000</msg>
<status status="PASS" starttime="20221004 13:24:59.196" endtime="20221004 13:24:59.251"/>
</kw>
<if>
<branch type="IF" condition="&quot;${feedtitle}&quot; in &quot;@{products}&quot;">
<kw name="Get Element Text" library="XML">
<var>${feedprice}</var>
<arg>${xml_obj}</arg>
<arg>.//channel/item[${item}]/price</arg>
<doc>Returns all text of the element, possibly whitespace normalized.</doc>
<status status="NOT RUN" starttime="20221004 13:24:59.251" endtime="20221004 13:24:59.251"/>
</kw>
<kw name="Get Element Text" library="XML">
<var>${itemurl}</var>
<arg>${xml_obj}</arg>
<arg>.//channel/item[${item}]/link</arg>
<doc>Returns all text of the element, possibly whitespace normalized.</doc>
<status status="NOT RUN" starttime="20221004 13:24:59.251" endtime="20221004 13:24:59.251"/>
</kw>
<kw name="Get Element Text" library="XML">
<var>${itemid}</var>
<arg>${xml_obj}</arg>
<arg>.//channel/item[${item}]/id</arg>
<doc>Returns all text of the element, possibly whitespace normalized.</doc>
<status status="NOT RUN" starttime="20221004 13:24:59.251" endtime="20221004 13:24:59.251"/>
</kw>
<kw name="Replace String" library="String">
<var>${price}</var>
<arg>${feedprice}</arg>
<arg>EUR</arg>
<arg>${EMPTY}</arg>
<doc>Replaces ``search_for`` in the given ``string`` with ``replace_with``.</doc>
<status status="NOT RUN" starttime="20221004 13:24:59.251" endtime="20221004 13:24:59.251"/>
</kw>
<kw name="Replace String" library="String">
<var>${price}</var>
<arg>${price}</arg>
<arg>.</arg>
<arg>,</arg>
<doc>Replaces ``search_for`` in the given ``string`` with ``replace_with``.</doc>
<status status="NOT RUN" starttime="20221004 13:24:59.251" endtime="20221004 13:24:59.251"/>
</kw>
<kw name="Run Keyword And Continue On Failure" library="BuiltIn">
<arg>Open Browser</arg>
<arg>${itemurl}</arg>
<arg>headlesschrome</arg>
<doc>Runs the keyword and continues execution even if a failure occurs.</doc>
<status status="NOT RUN" starttime="20221004 13:24:59.251" endtime="20221004 13:24:59.251"/>
</kw>
<kw name="Run Keyword And Continue On Failure" library="BuiltIn">
<arg>Wait Until Element Is Visible</arg>
<arg>(//span[@class='the-price'])[2]</arg>
<doc>Runs the keyword and continues execution even if a failure occurs.</doc>
<status status="NOT RUN" starttime="20221004 13:24:59.251" endtime="20221004 13:24:59.251"/>
</kw>
<kw name="Get Text" library="SeleniumLibrary">
<var>${web_price}</var>
<arg>(//span[@class='the-price'])[2]</arg>
<doc>Returns the text value of the element identified by ``locator``.</doc>
<status status="NOT RUN" starttime="20221004 13:24:59.251" endtime="20221004 13:24:59.251"/>
</kw>
<if>
<branch type="IF" condition="&quot;${price.strip()}&quot; != &quot;${web_price}&quot;">
<kw name="Get Current Date" library="DateTime">
<var>${date}</var>
<arg>UTC</arg>
<arg>exclude_millis=yes</arg>
<doc>Returns current local or UTC time with an optional increment.</doc>
<status status="NOT RUN" starttime="20221004 13:24:59.252" endtime="20221004 13:24:59.252"/>
</kw>
<kw name="Convert Date" library="DateTime">
<var>${datetime}</var>
<arg>${date}</arg>
<arg>datetime</arg>
<doc>Converts between supported `date formats`.</doc>
<status status="NOT RUN" starttime="20221004 13:24:59.252" endtime="20221004 13:24:59.252"/>
</kw>
<kw name="Set Variable" library="BuiltIn">
<var>${currenttime}</var>
<arg>${datetime.year}${datetime.month}${datetime.day}.${datetime.hour}:${datetime.minute}:${datetime.second}</arg>
<doc>Returns the given values which can then be assigned to a variables.</doc>
<status status="NOT RUN" starttime="20221004 13:24:59.252" endtime="20221004 13:24:59.252"/>
</kw>
<kw name="Log To Console" library="BuiltIn">
<arg>"Prices are difference!!"</arg>
<doc>Logs the given message to the console.</doc>
<status status="NOT RUN" starttime="20221004 13:24:59.252" endtime="20221004 13:24:59.252"/>
</kw>
<kw name="Set Cell Value" library="RPA.Excel.Files">
<arg>${item}</arg>
<arg>1</arg>
<arg>${itemid}</arg>
<doc>Set a cell value in the given worksheet.</doc>
<status status="NOT RUN" starttime="20221004 13:24:59.252" endtime="20221004 13:24:59.252"/>
</kw>
<kw name="Set Cell Value" library="RPA.Excel.Files">
<arg>${item}</arg>
<arg>2</arg>
<arg>${feedtitle}</arg>
<doc>Set a cell value in the given worksheet.</doc>
<status status="NOT RUN" starttime="20221004 13:24:59.252" endtime="20221004 13:24:59.252"/>
</kw>
<kw name="Set Cell Value" library="RPA.Excel.Files">
<arg>${item}</arg>
<arg>3</arg>
<arg>${price.strip()}</arg>
<doc>Set a cell value in the given worksheet.</doc>
<status status="NOT RUN" starttime="20221004 13:24:59.252" endtime="20221004 13:24:59.252"/>
</kw>
<kw name="Set Cell Value" library="RPA.Excel.Files">
<arg>${item}</arg>
<arg>4</arg>
<arg>${web_price}</arg>
<doc>Set a cell value in the given worksheet.</doc>
<status status="NOT RUN" starttime="20221004 13:24:59.252" endtime="20221004 13:24:59.252"/>
</kw>
<kw name="Save Workbook" library="RPA.Excel.Files">
<arg>${currenttime}.xlsx</arg>
<doc>Save the active workbook.</doc>
<status status="NOT RUN" starttime="20221004 13:24:59.252" endtime="20221004 13:24:59.252"/>
</kw>
<status status="NOT RUN" starttime="20221004 13:24:59.252" endtime="20221004 13:24:59.252"/>
</branch>
<status status="NOT RUN" starttime="20221004 13:24:59.251" endtime="20221004 13:24:59.252"/>
</if>
<kw name="Close Browser" library="SeleniumLibrary">
<doc>Closes the current browser.</doc>
<status status="NOT RUN" starttime="20221004 13:24:59.252" endtime="20221004 13:24:59.252"/>
</kw>
<kw name="Run Keyword And Continue On Failure" library="BuiltIn">
<arg>Should be equal</arg>
<arg>${price.strip()}</arg>
<arg>${web_price}</arg>
<doc>Runs the keyword and continues execution even if a failure occurs.</doc>
<status status="NOT RUN" starttime="20221004 13:24:59.252" endtime="20221004 13:24:59.252"/>
</kw>
<status status="NOT RUN" starttime="20221004 13:24:59.251" endtime="20221004 13:24:59.252"/>
</branch>
<status status="PASS" starttime="20221004 13:24:59.251" endtime="20221004 13:24:59.252"/>
</if>
<status status="PASS" starttime="20221004 13:24:59.196" endtime="20221004 13:24:59.252"/>
</iter>
<iter>
<var name="${item}">146</var>
<kw name="Get Element Text" library="XML">
<var>${feedtitle}</var>
<arg>${xml_obj}</arg>
<arg>.//channel/item[${item}]/title</arg>
<doc>Returns all text of the element, possibly whitespace normalized.</doc>
<msg timestamp="20221004 13:24:59.308" level="INFO">${feedtitle} = Guild Wars 2 Gem Card 8000</msg>
<status status="PASS" starttime="20221004 13:24:59.253" endtime="20221004 13:24:59.308"/>
</kw>
<if>
<branch type="IF" condition="&quot;${feedtitle}&quot; in &quot;@{products}&quot;">
<kw name="Get Element Text" library="XML">
<var>${feedprice}</var>
<arg>${xml_obj}</arg>
<arg>.//channel/item[${item}]/price</arg>
<doc>Returns all text of the element, possibly whitespace normalized.</doc>
<status status="NOT RUN" starttime="20221004 13:24:59.308" endtime="20221004 13:24:59.308"/>
</kw>
<kw name="Get Element Text" library="XML">
<var>${itemurl}</var>
<arg>${xml_obj}</arg>
<arg>.//channel/item[${item}]/link</arg>
<doc>Returns all text of the element, possibly whitespace normalized.</doc>
<status status="NOT RUN" starttime="20221004 13:24:59.308" endtime="20221004 13:24:59.308"/>
</kw>
<kw name="Get Element Text" library="XML">
<var>${itemid}</var>
<arg>${xml_obj}</arg>
<arg>.//channel/item[${item}]/id</arg>
<doc>Returns all text of the element, possibly whitespace normalized.</doc>
<status status="NOT RUN" starttime="20221004 13:24:59.308" endtime="20221004 13:24:59.308"/>
</kw>
<kw name="Replace String" library="String">
<var>${price}</var>
<arg>${feedprice}</arg>
<arg>EUR</arg>
<arg>${EMPTY}</arg>
<doc>Replaces ``search_for`` in the given ``string`` with ``replace_with``.</doc>
<status status="NOT RUN" starttime="20221004 13:24:59.308" endtime="20221004 13:24:59.308"/>
</kw>
<kw name="Replace String" library="String">
<var>${price}</var>
<arg>${price}</arg>
<arg>.</arg>
<arg>,</arg>
<doc>Replaces ``search_for`` in the given ``string`` with ``replace_with``.</doc>
<status status="NOT RUN" starttime="20221004 13:24:59.308" endtime="20221004 13:24:59.308"/>
</kw>
<kw name="Run Keyword And Continue On Failure" library="BuiltIn">
<arg>Open Browser</arg>
<arg>${itemurl}</arg>
<arg>headlesschrome</arg>
<doc>Runs the keyword and continues execution even if a failure occurs.</doc>
<status status="NOT RUN" starttime="20221004 13:24:59.308" endtime="20221004 13:24:59.309"/>
</kw>
<kw name="Run Keyword And Continue On Failure" library="BuiltIn">
<arg>Wait Until Element Is Visible</arg>
<arg>(//span[@class='the-price'])[2]</arg>
<doc>Runs the keyword and continues execution even if a failure occurs.</doc>
<status status="NOT RUN" starttime="20221004 13:24:59.309" endtime="20221004 13:24:59.309"/>
</kw>
<kw name="Get Text" library="SeleniumLibrary">
<var>${web_price}</var>
<arg>(//span[@class='the-price'])[2]</arg>
<doc>Returns the text value of the element identified by ``locator``.</doc>
<status status="NOT RUN" starttime="20221004 13:24:59.309" endtime="20221004 13:24:59.309"/>
</kw>
<if>
<branch type="IF" condition="&quot;${price.strip()}&quot; != &quot;${web_price}&quot;">
<kw name="Get Current Date" library="DateTime">
<var>${date}</var>
<arg>UTC</arg>
<arg>exclude_millis=yes</arg>
<doc>Returns current local or UTC time with an optional increment.</doc>
<status status="NOT RUN" starttime="20221004 13:24:59.309" endtime="20221004 13:24:59.309"/>
</kw>
<kw name="Convert Date" library="DateTime">
<var>${datetime}</var>
<arg>${date}</arg>
<arg>datetime</arg>
<doc>Converts between supported `date formats`.</doc>
<status status="NOT RUN" starttime="20221004 13:24:59.309" endtime="20221004 13:24:59.309"/>
</kw>
<kw name="Set Variable" library="BuiltIn">
<var>${currenttime}</var>
<arg>${datetime.year}${datetime.month}${datetime.day}.${datetime.hour}:${datetime.minute}:${datetime.second}</arg>
<doc>Returns the given values which can then be assigned to a variables.</doc>
<status status="NOT RUN" starttime="20221004 13:24:59.309" endtime="20221004 13:24:59.309"/>
</kw>
<kw name="Log To Console" library="BuiltIn">
<arg>"Prices are difference!!"</arg>
<doc>Logs the given message to the console.</doc>
<status status="NOT RUN" starttime="20221004 13:24:59.309" endtime="20221004 13:24:59.309"/>
</kw>
<kw name="Set Cell Value" library="RPA.Excel.Files">
<arg>${item}</arg>
<arg>1</arg>
<arg>${itemid}</arg>
<doc>Set a cell value in the given worksheet.</doc>
<status status="NOT RUN" starttime="20221004 13:24:59.309" endtime="20221004 13:24:59.309"/>
</kw>
<kw name="Set Cell Value" library="RPA.Excel.Files">
<arg>${item}</arg>
<arg>2</arg>
<arg>${feedtitle}</arg>
<doc>Set a cell value in the given worksheet.</doc>
<status status="NOT RUN" starttime="20221004 13:24:59.309" endtime="20221004 13:24:59.309"/>
</kw>
<kw name="Set Cell Value" library="RPA.Excel.Files">
<arg>${item}</arg>
<arg>3</arg>
<arg>${price.strip()}</arg>
<doc>Set a cell value in the given worksheet.</doc>
<status status="NOT RUN" starttime="20221004 13:24:59.309" endtime="20221004 13:24:59.309"/>
</kw>
<kw name="Set Cell Value" library="RPA.Excel.Files">
<arg>${item}</arg>
<arg>4</arg>
<arg>${web_price}</arg>
<doc>Set a cell value in the given worksheet.</doc>
<status status="NOT RUN" starttime="20221004 13:24:59.309" endtime="20221004 13:24:59.309"/>
</kw>
<kw name="Save Workbook" library="RPA.Excel.Files">
<arg>${currenttime}.xlsx</arg>
<doc>Save the active workbook.</doc>
<status status="NOT RUN" starttime="20221004 13:24:59.309" endtime="20221004 13:24:59.309"/>
</kw>
<status status="NOT RUN" starttime="20221004 13:24:59.309" endtime="20221004 13:24:59.309"/>
</branch>
<status status="NOT RUN" starttime="20221004 13:24:59.309" endtime="20221004 13:24:59.309"/>
</if>
<kw name="Close Browser" library="SeleniumLibrary">
<doc>Closes the current browser.</doc>
<status status="NOT RUN" starttime="20221004 13:24:59.310" endtime="20221004 13:24:59.310"/>
</kw>
<kw name="Run Keyword And Continue On Failure" library="BuiltIn">
<arg>Should be equal</arg>
<arg>${price.strip()}</arg>
<arg>${web_price}</arg>
<doc>Runs the keyword and continues execution even if a failure occurs.</doc>
<status status="NOT RUN" starttime="20221004 13:24:59.310" endtime="20221004 13:24:59.310"/>
</kw>
<status status="NOT RUN" starttime="20221004 13:24:59.308" endtime="20221004 13:24:59.310"/>
</branch>
<status status="PASS" starttime="20221004 13:24:59.308" endtime="20221004 13:24:59.310"/>
</if>
<status status="PASS" starttime="20221004 13:24:59.252" endtime="20221004 13:24:59.310"/>
</iter>
<iter>
<var name="${item}">147</var>
<kw name="Get Element Text" library="XML">
<var>${feedtitle}</var>
<arg>${xml_obj}</arg>
<arg>.//channel/item[${item}]/title</arg>
<doc>Returns all text of the element, possibly whitespace normalized.</doc>
<status status="FAIL" starttime="20221004 13:24:59.310" endtime="20221004 13:24:59.344"/>
</kw>
<if>
<branch type="IF" condition="&quot;${feedtitle}&quot; in &quot;@{products}&quot;">
<kw name="Get Element Text" library="XML">
<var>${feedprice}</var>
<arg>${xml_obj}</arg>
<arg>.//channel/item[${item}]/price</arg>
<doc>Returns all text of the element, possibly whitespace normalized.</doc>
<status status="NOT RUN" starttime="20221004 13:24:59.344" endtime="20221004 13:24:59.344"/>
</kw>
<kw name="Get Element Text" library="XML">
<var>${itemurl}</var>
<arg>${xml_obj}</arg>
<arg>.//channel/item[${item}]/link</arg>
<doc>Returns all text of the element, possibly whitespace normalized.</doc>
<status status="NOT RUN" starttime="20221004 13:24:59.344" endtime="20221004 13:24:59.344"/>
</kw>
<kw name="Get Element Text" library="XML">
<var>${itemid}</var>
<arg>${xml_obj}</arg>
<arg>.//channel/item[${item}]/id</arg>
<doc>Returns all text of the element, possibly whitespace normalized.</doc>
<status status="NOT RUN" starttime="20221004 13:24:59.344" endtime="20221004 13:24:59.344"/>
</kw>
<kw name="Replace String" library="String">
<var>${price}</var>
<arg>${feedprice}</arg>
<arg>EUR</arg>
<arg>${EMPTY}</arg>
<doc>Replaces ``search_for`` in the given ``string`` with ``replace_with``.</doc>
<status status="NOT RUN" starttime="20221004 13:24:59.344" endtime="20221004 13:24:59.344"/>
</kw>
<kw name="Replace String" library="String">
<var>${price}</var>
<arg>${price}</arg>
<arg>.</arg>
<arg>,</arg>
<doc>Replaces ``search_for`` in the given ``string`` with ``replace_with``.</doc>
<status status="NOT RUN" starttime="20221004 13:24:59.344" endtime="20221004 13:24:59.344"/>
</kw>
<kw name="Run Keyword And Continue On Failure" library="BuiltIn">
<arg>Open Browser</arg>
<arg>${itemurl}</arg>
<arg>headlesschrome</arg>
<doc>Runs the keyword and continues execution even if a failure occurs.</doc>
<status status="NOT RUN" starttime="20221004 13:24:59.344" endtime="20221004 13:24:59.344"/>
</kw>
<kw name="Run Keyword And Continue On Failure" library="BuiltIn">
<arg>Wait Until Element Is Visible</arg>
<arg>(//span[@class='the-price'])[2]</arg>
<doc>Runs the keyword and continues execution even if a failure occurs.</doc>
<status status="NOT RUN" starttime="20221004 13:24:59.344" endtime="20221004 13:24:59.344"/>
</kw>
<kw name="Get Text" library="SeleniumLibrary">
<var>${web_price}</var>
<arg>(//span[@class='the-price'])[2]</arg>
<doc>Returns the text value of the element identified by ``locator``.</doc>
<status status="NOT RUN" starttime="20221004 13:24:59.345" endtime="20221004 13:24:59.345"/>
</kw>
<if>
<branch type="IF" condition="&quot;${price.strip()}&quot; != &quot;${web_price}&quot;">
<kw name="Get Current Date" library="DateTime">
<var>${date}</var>
<arg>UTC</arg>
<arg>exclude_millis=yes</arg>
<doc>Returns current local or UTC time with an optional increment.</doc>
<status status="NOT RUN" starttime="20221004 13:24:59.345" endtime="20221004 13:24:59.345"/>
</kw>
<kw name="Convert Date" library="DateTime">
<var>${datetime}</var>
<arg>${date}</arg>
<arg>datetime</arg>
<doc>Converts between supported `date formats`.</doc>
<status status="NOT RUN" starttime="20221004 13:24:59.345" endtime="20221004 13:24:59.345"/>
</kw>
<kw name="Set Variable" library="BuiltIn">
<var>${currenttime}</var>
<arg>${datetime.year}${datetime.month}${datetime.day}.${datetime.hour}:${datetime.minute}:${datetime.second}</arg>
<doc>Returns the given values which can then be assigned to a variables.</doc>
<status status="NOT RUN" starttime="20221004 13:24:59.345" endtime="20221004 13:24:59.345"/>
</kw>
<kw name="Log To Console" library="BuiltIn">
<arg>"Prices are difference!!"</arg>
<doc>Logs the given message to the console.</doc>
<status status="NOT RUN" starttime="20221004 13:24:59.345" endtime="20221004 13:24:59.345"/>
</kw>
<kw name="Set Cell Value" library="RPA.Excel.Files">
<arg>${item}</arg>
<arg>1</arg>
<arg>${itemid}</arg>
<doc>Set a cell value in the given worksheet.</doc>
<status status="NOT RUN" starttime="20221004 13:24:59.345" endtime="20221004 13:24:59.345"/>
</kw>
<kw name="Set Cell Value" library="RPA.Excel.Files">
<arg>${item}</arg>
<arg>2</arg>
<arg>${feedtitle}</arg>
<doc>Set a cell value in the given worksheet.</doc>
<status status="NOT RUN" starttime="20221004 13:24:59.345" endtime="20221004 13:24:59.345"/>
</kw>
<kw name="Set Cell Value" library="RPA.Excel.Files">
<arg>${item}</arg>
<arg>3</arg>
<arg>${price.strip()}</arg>
<doc>Set a cell value in the given worksheet.</doc>
<status status="NOT RUN" starttime="20221004 13:24:59.345" endtime="20221004 13:24:59.345"/>
</kw>
<kw name="Set Cell Value" library="RPA.Excel.Files">
<arg>${item}</arg>
<arg>4</arg>
<arg>${web_price}</arg>
<doc>Set a cell value in the given worksheet.</doc>
<status status="NOT RUN" starttime="20221004 13:24:59.345" endtime="20221004 13:24:59.345"/>
</kw>
<kw name="Save Workbook" library="RPA.Excel.Files">
<arg>${currenttime}.xlsx</arg>
<doc>Save the active workbook.</doc>
<status status="NOT RUN" starttime="20221004 13:24:59.345" endtime="20221004 13:24:59.345"/>
</kw>
<status status="NOT RUN" starttime="20221004 13:24:59.345" endtime="20221004 13:24:59.345"/>
</branch>
<status status="NOT RUN" starttime="20221004 13:24:59.345" endtime="20221004 13:24:59.345"/>
</if>
<kw name="Close Browser" library="SeleniumLibrary">
<doc>Closes the current browser.</doc>
<status status="NOT RUN" starttime="20221004 13:24:59.345" endtime="20221004 13:24:59.345"/>
</kw>
<kw name="Run Keyword And Continue On Failure" library="BuiltIn">
<arg>Should be equal</arg>
<arg>${price.strip()}</arg>
<arg>${web_price}</arg>
<doc>Runs the keyword and continues execution even if a failure occurs.</doc>
<status status="NOT RUN" starttime="20221004 13:24:59.345" endtime="20221004 13:24:59.345"/>
</kw>
<status status="NOT RUN" starttime="20221004 13:24:59.344" endtime="20221004 13:24:59.346"/>
</branch>
<status status="NOT RUN" starttime="20221004 13:24:59.344" endtime="20221004 13:24:59.346"/>
</if>
<status status="FAIL" starttime="20221004 13:24:59.310" endtime="20221004 13:24:59.346"/>
</iter>
<status status="FAIL" starttime="20221004 13:24:42.854" endtime="20221004 13:24:59.346"/>
</for>
<status status="FAIL" starttime="20221004 13:24:35.097" endtime="20221004 13:24:59.346">Execution terminated by signal</status>
</test>
<status status="FAIL" starttime="20221004 13:24:34.624" endtime="20221004 13:24:59.348"/>
</suite>
<statistics>
<total>
<stat pass="0" fail="1" skip="0">All Tests</stat>
</total>
<tag>
</tag>
<suite>
<stat pass="0" fail="1" skip="0" id="s1" name="Checktwoproducts">Checktwoproducts</stat>
</suite>
</statistics>
<errors>
</errors>
</robot>
